<?xml version="1.0" encoding="UTF-8"?>
<!-- Generated by org.testng.reporters.JUnitReportReporter -->
<testsuite hostname="DESKTOP-03F20BQ" failures="0" tests="1" name="script.demo1" time="74.765" errors="0" timestamp="2024-11-26T12:29:32 IST" skipped="0">
  <testcase classname="script.demo1" name="test1" time="74.765"/>
  <system-out>
    <![CDATA[null
null
https://www.amazon.in/ref=nav_logo

https://www.amazon.in/customer-preferences/edit?ie=UTF8&preferencesReturnUrl=%2F&ref_=topnav_lang
https://www.amazon.in/ap/signin?openid.pape.max_auth_age=0&openid.return_to=https%3A%2F%2Fwww.amazon.in%2F%3Fref_%3Dnav_ya_signin&openid.identity=http%3A%2F%2Fspecs.openid.net%2Fauth%2F2.0%2Fidentifier_select&openid.assoc_handle=inflex&openid.mode=checkid_setup&openid.claimed_id=http%3A%2F%2Fspecs.openid.net%2Fauth%2F2.0%2Fidentifier_select&openid.ns=http%3A%2F%2Fspecs.openid.net%2Fauth%2F2.0
https://www.amazon.in/gp/css/order-history?ref_=nav_orders_first
https://www.amazon.in/gp/cart/view.html?ref_=nav_cart
https://www.amazon.in/ap/signin?openid.pape.max_auth_age=0&openid.return_to=https%3A%2F%2Fwww.amazon.in%2F%3Fref_%3Dnav_signin&openid.identity=http%3A%2F%2Fspecs.openid.net%2Fauth%2F2.0%2Fidentifier_select&openid.assoc_handle=inflex&openid.mode=checkid_setup&openid.claimed_id=http%3A%2F%2Fspecs.openid.net%2Fauth%2F2.0%2Fidentifier_select&openid.ns=http%3A%2F%2Fspecs.openid.net%2Fauth%2F2.0
https://www.amazon.in/ap/register?openid.pape.max_auth_age=0&openid.return_to=https%3A%2F%2Fwww.amazon.in%2F%3F_encoding%3DUTF8%26ref_%3Dnav_newcust&openid.identity=http%3A%2F%2Fspecs.openid.net%2Fauth%2F2.0%2Fidentifier_select&openid.assoc_handle=inflex&openid.mode=checkid_setup&openid.claimed_id=http%3A%2F%2Fspecs.openid.net%2Fauth%2F2.0%2Fidentifier_select&openid.ns=http%3A%2F%2Fspecs.openid.net%2Fauth%2F2.0
https://www.amazon.in/hz/wishlist/ls?triggerElementID=createList&ref_=nav_ListFlyout_navFlyout_createList_lv_redirect
https://www.amazon.in/wishlist/universal?ref_=nav_ListFlyout_gno_listpop_uwl
https://www.amazon.in/baby-reg/homepage?ref_=nav_ListFlyout_gno_listpop_br
https://www.amazon.in/discover/?ref_=nav_ListFlyout_sbl
https://www.amazon.in/showroom?ref_=nav_ListFlyout_srm_your_desk_wl_in
https://www.amazon.in/gp/css/homepage.html?ref_=nav_AccountFlyout_ya
https://www.amazon.in/gp/css/order-history?ref_=nav_AccountFlyout_orders
https://www.amazon.in/hz/wishlist/ls?requiresSignIn=1&ref_=nav_AccountFlyout_wl
https://www.amazon.in/gp/yourstore?ref_=nav_AccountFlyout_recs
https://www.amazon.in/gp/primecentral?ref_=nav_AccountFlyout_prime
https://www.amazon.in/gp/redirect.html?location=https%3A%2F%2Fwww.primevideo.com%2F%3Fref_%3D_apv&source=nav_linktree&token=13D4F90D28CD96790B94E6091246BB1B2AE9FA05
https://www.amazon.in/auto-deliveries?ref_=nav_AccountFlyout_sns
https://www.amazon.in/hz5/yourmembershipsandsubscriptions?ref_=nav_AccountFlyout_digital_subscriptions
https://www.amazon.in/b/?node=2838698031&ld=AZINSOAYAFlyout&ref_=nav_AccountFlyout_sell
https://www.amazon.in/hz/mycd/myx?pageType=content&ref_=nav_AccountFlyout_myk
https://www.amazon.in/business/register/org/landing?ref_=nav_ya_flyout_b2b_reg_bottom_create
https://www.amazon.in/ap/signin?openid.pape.max_auth_age=0&openid.return_to=https%3A%2F%2Fwww.amazon.in%2F%3Fref_%3Dnav_custrec_signin&openid.identity=http%3A%2F%2Fspecs.openid.net%2Fauth%2F2.0%2Fidentifier_select&openid.assoc_handle=inflex&openid.mode=checkid_setup&openid.claimed_id=http%3A%2F%2Fspecs.openid.net%2Fauth%2F2.0%2Fidentifier_select&openid.ns=http%3A%2F%2Fspecs.openid.net%2Fauth%2F2.0
https://www.amazon.in/ap/register?openid.pape.max_auth_age=0&openid.return_to=https%3A%2F%2Fwww.amazon.in%2F%3F_encoding%3DUTF8%26ref_%3Dnav_custrec_newcust&openid.identity=http%3A%2F%2Fspecs.openid.net%2Fauth%2F2.0%2Fidentifier_select&openid.assoc_handle=inflex&openid.mode=checkid_setup&openid.claimed_id=http%3A%2F%2Fspecs.openid.net%2Fauth%2F2.0%2Fidentifier_select&openid.ns=http%3A%2F%2Fspecs.openid.net%2Fauth%2F2.0
javascript: void(0)
https://www.amazon.in/minitv?ref_=nav_avod_desktop_topnav
https://www.amazon.in/b/32702023031?node=32702023031&ld=AZINSOANavDesktop_T3&ref_=nav_cs_sell_T3
https://www.amazon.in/gp/bestsellers/?ref_=nav_cs_bestsellers
https://www.amazon.in/deals?ref_=nav_cs_gb
https://www.amazon.in/mobile-phones/b/?ie=UTF8&node=1389401031&ref_=nav_cs_mobiles
https://www.amazon.in/electronics/b/?ie=UTF8&node=976419031&ref_=nav_cs_electronics
https://www.amazon.in/gp/help/customer/display.html?nodeId=200507590&ref_=nav_cs_help
https://www.amazon.in/Home-Kitchen/b/?ie=UTF8&node=976442031&ref_=nav_cs_home
https://www.amazon.in/prime?ref_=nav_cs_primelink_nonmember
https://www.amazon.in/gp/sva/dashboard?ref_=nav_cs_apay
https://www.amazon.in/gp/new-releases/?ref_=nav_cs_newreleases
https://www.amazon.in/gp/browse.html?node=6648217031&ref_=nav_cs_fashion
https://www.amazon.in/Car-Motorbike-Store/b/?ie=UTF8&node=4772060031&ref_=nav_cs_automotive
https://www.amazon.in/computers-and-accessories/b/?ie=UTF8&node=976392031&ref_=nav_cs_pc
https://www.amazon.in/Sports/b/?ie=UTF8&node=1984443031&ref_=nav_cs_sports
https://www.amazon.in/beauty/b/?ie=UTF8&node=1355016031&ref_=nav_cs_beauty
https://www.amazon.in/Books/b/?ie=UTF8&node=976389031&ref_=nav_cs_books
https://www.amazon.in/Home-Improvement/b/?ie=UTF8&node=4286640031&ref_=nav_cs_hi
https://www.amazon.in/Toys-Games/b/?ie=UTF8&node=1350380031&ref_=nav_cs_toys
https://www.amazon.in/gift-card-store/b/?ie=UTF8&node=3704982031&ref_=nav_cs_gc
https://www.amazon.in/health-and-personal-care/b/?ie=UTF8&node=1350384031&ref_=nav_cs_hpc
https://www.amazon.in/Gourmet-Specialty-Foods/b/?ie=UTF8&node=2454178031&ref_=nav_cs_grocery
https://www.amazon.in/Baby/b/?ie=UTF8&node=1571274031&ref_=nav_cs_baby
https://www.amazon.in/Amazon-Custom/b/?ie=UTF8&node=32615889031&ref_=nav_cs_custom
https://www.amazon.in/video-games/b/?ie=UTF8&node=976460031&ref_=nav_cs_video_games
https://www.amazon.in/Pet-Supplies/b/?ie=UTF8&node=2454181031&ref_=nav_cs_pets
https://www.amazon.in/Audible-Books-and-Originals/b/?ie=UTF8&node=17941593031&ref_=nav_cs_audible
https://www.amazon.in/gcx/-/gfhz/?ref_=nav_cs_giftfinder
https://www.amazon.in/auto-deliveries/landing?ref_=nav_cs_sns
https://www.amazon.in/b/?node=6637738031&ref_=nav_cs_amazonbasics
https://www.amazon.in/Kindle-eBooks/b/?ie=UTF8&node=1634753031&ref_=nav_cs_kindle_books
null
null
https://www.amazon.in/#
https://www.amazon.in/s/?_encoding=UTF8&k=indoor%20plants%20for%20living%20room&rh=p_36%3A-29900%2Cp_72%3A1318477031%2Cp_n_deal_type%3A26921224031&dc=&crid=3DDD1YPFW6S0U&qid=1706459970&rnid=26921223031&sprefix=indoor%20plants%20for%20living%20room%2Caps%2C206&ref=sr_nr_p_n_deal_type_2&ds=v1%3AYnyk4UYSMBSvEO%2FCYtM%2FIue6PdE9PMbJonDjytPYCdI&pd_rd_w=FuC0T&content-id=amzn1.sym.bc030927-6af2-4b1a-a38b-d90182965079&pf_rd_p=bc030927-6af2-4b1a-a38b-d90182965079&pf_rd_r=CBVPD2XDTBR2P3JAKWHF&pd_rd_wg=OZWY0&pd_rd_r=dd507a1d-416f-45dc-8974-7607548db8f0&ref_=pd_hp_d_hero_unk
https://www.amazon.in/b/ref=ohlr_bstof_Budgetstore/?_encoding=UTF8&node=21557580031&pd_rd_w=GYHwd&content-id=amzn1.sym.c64f29ee-f7b4-419c-aaf2-90b6326edc4d&pf_rd_p=c64f29ee-f7b4-419c-aaf2-90b6326edc4d&pf_rd_r=CBVPD2XDTBR2P3JAKWHF&pd_rd_wg=OZWY0&pd_rd_r=dd507a1d-416f-45dc-8974-7607548db8f0&ref_=pd_hp_d_hero_unk
https://www.amazon.in/s/?_encoding=UTF8&i=beauty&rh=n%3A1374357031%2Cp_72%3A1318476031%2Cp_n_feature_ten_browse-bin%3A30678592031%2Cp_36%3A9900-&s=popularity-rank&dc=&fs=true&qid=1730116299&rnid=1741387031&ref=sr_nr_p_36_0_0&pd_rd_w=55IzS&content-id=amzn1.sym.9788b64e-5246-4e65-a992-a27c6b6ceca9&pf_rd_p=9788b64e-5246-4e65-a992-a27c6b6ceca9&pf_rd_r=CBVPD2XDTBR2P3JAKWHF&pd_rd_wg=OZWY0&pd_rd_r=dd507a1d-416f-45dc-8974-7607548db8f0&ref_=pd_hp_d_hero_unk
https://www.amazon.in/s/?_encoding=UTF8&i=toys&bbn=1350380031&rh=n%3A1350380031%2Cp_28%3A-SPONS%2Cp_36%3A2485524031%2Cp_n_age_range%3A1480705031%7C1480706031%7C1480707031%7C1480708031%7C1480709031%7C1665125031&pd_rd_w=Ekzz1&content-id=amzn1.sym.c2d80c2e-c5a8-4b5a-bee8-b73c44b11295&pf_rd_p=c2d80c2e-c5a8-4b5a-bee8-b73c44b11295&pf_rd_r=CBVPD2XDTBR2P3JAKWHF&pd_rd_wg=OZWY0&pd_rd_r=dd507a1d-416f-45dc-8974-7607548db8f0&ref_=pd_hp_d_hero_unk
https://www.amazon.in/l/96585507031/?_encoding=UTF8&pd_rd_w=vEBSM&content-id=amzn1.sym.ab68dba2-661d-47ed-b2a5-0f50dd1dbb01&pf_rd_p=ab68dba2-661d-47ed-b2a5-0f50dd1dbb01&pf_rd_r=CBVPD2XDTBR2P3JAKWHF&pd_rd_wg=OZWY0&pd_rd_r=dd507a1d-416f-45dc-8974-7607548db8f0&ref_=pd_hp_d_hero_unk
https://www.amazon.in/s/?_encoding=UTF8&i=electronics&rh=n%3A1805560031%2Cp_85%3A10440599031%2Cp_n_deal_type%3A26921224031&dc=&ds=v1%3AyCAkGlyYiHWrdbHIpdRtp8lVTJlq95cgAAb28kpFxkY&qid=1730367820&rnid=26921223031&ref=sr_nr_p_n_deal_type_2&pd_rd_w=LElWd&content-id=amzn1.sym.3c80fdf5-ed0b-4d04-a7bb-6a9d38db964b&pf_rd_p=3c80fdf5-ed0b-4d04-a7bb-6a9d38db964b&pf_rd_r=CBVPD2XDTBR2P3JAKWHF&pd_rd_wg=OZWY0&pd_rd_r=dd507a1d-416f-45dc-8974-7607548db8f0&ref_=pd_hp_d_hero_unk
https://www.amazon.in/s/?_encoding=UTF8&i=apparel&bbn=1968120031&rh=n%3A1968120031%2Cp_85%3A10440599031%2Cp_123%3A1298678%7C156780%7C179318%7C198664%7C200356%7C232761%7C240905%7C256097%7C319726%7C339433%7C3878%7C390827%7C398346%7C411593%7C435051%7C46245%7C484445%7C552577%7C586466%7C613702%7C951834&s=apparel&dc=&hidden-keywords=-Sleeveless-tank-vest-woman-women-boy-girl-kid&_encoding=UTF8&qid=1730112829&rnid=4595083031&ref=sr_nr_p_36_0_0&low-price=&high-price=300&pd_rd_w=iJxIC&content-id=amzn1.sym.e2b8fd0a-9863-4349-ae95-071253118e19&pf_rd_p=e2b8fd0a-9863-4349-ae95-071253118e19&pf_rd_r=CBVPD2XDTBR2P3JAKWHF&pd_rd_wg=OZWY0&pd_rd_r=dd507a1d-416f-45dc-8974-7607548db8f0&ref_=pd_hp_d_hero_unk
https://www.amazon.in/#
https://www.amazon.in/b/?_encoding=UTF8&node=1380442031&pd_rd_w=2YKZQ&content-id=amzn1.sym.f8e82c51-0408-4554-a158-9be4d776850d&pf_rd_p=f8e82c51-0408-4554-a158-9be4d776850d&pf_rd_r=CBVPD2XDTBR2P3JAKWHF&pd_rd_wg=2wuHB&pd_rd_r=d621985b-e58d-4d1d-962e-42d1230ef0e3&ref_=pd_hp_d_atf_unk
https://www.amazon.in/b/?_encoding=UTF8&node=1380374031&pd_rd_w=2YKZQ&content-id=amzn1.sym.f8e82c51-0408-4554-a158-9be4d776850d&pf_rd_p=f8e82c51-0408-4554-a158-9be4d776850d&pf_rd_r=CBVPD2XDTBR2P3JAKWHF&pd_rd_wg=2wuHB&pd_rd_r=d621985b-e58d-4d1d-962e-42d1230ef0e3&ref_=pd_hp_d_atf_unk
https://www.amazon.in/b/?_encoding=UTF8&node=1380510031&pd_rd_w=2YKZQ&content-id=amzn1.sym.f8e82c51-0408-4554-a158-9be4d776850d&pf_rd_p=f8e82c51-0408-4554-a158-9be4d776850d&pf_rd_r=CBVPD2XDTBR2P3JAKWHF&pd_rd_wg=2wuHB&pd_rd_r=d621985b-e58d-4d1d-962e-42d1230ef0e3&ref_=pd_hp_d_atf_unk
https://www.amazon.in/b/?_encoding=UTF8&node=1380485031&pd_rd_w=2YKZQ&content-id=amzn1.sym.f8e82c51-0408-4554-a158-9be4d776850d&pf_rd_p=f8e82c51-0408-4554-a158-9be4d776850d&pf_rd_r=CBVPD2XDTBR2P3JAKWHF&pd_rd_wg=2wuHB&pd_rd_r=d621985b-e58d-4d1d-962e-42d1230ef0e3&ref_=pd_hp_d_atf_unk
https://www.amazon.in/b/?_encoding=UTF8&node=12414705031&pd_rd_w=2YKZQ&content-id=amzn1.sym.f8e82c51-0408-4554-a158-9be4d776850d&pf_rd_p=f8e82c51-0408-4554-a158-9be4d776850d&pf_rd_r=CBVPD2XDTBR2P3JAKWHF&pd_rd_wg=2wuHB&pd_rd_r=d621985b-e58d-4d1d-962e-42d1230ef0e3&ref_=pd_hp_d_atf_unk
https://www.amazon.in/s/?_encoding=UTF8&bbn=1388921031&rh=n%3A1388921031%2Cp_89%3AboAt&pd_rd_w=9bzUF&content-id=amzn1.sym.82b20790-8877-4d70-8f73-9d8246e460aa&pf_rd_p=82b20790-8877-4d70-8f73-9d8246e460aa&pf_rd_r=CBVPD2XDTBR2P3JAKWHF&pd_rd_wg=2wuHB&pd_rd_r=d621985b-e58d-4d1d-962e-42d1230ef0e3&ref_=pd_hp_d_atf_unk
https://www.amazon.in/s/?_encoding=UTF8&i=electronics&bbn=1388921031&rh=n%3A1388921031%2Cp_89%3ABoult&pd_rd_w=9bzUF&content-id=amzn1.sym.82b20790-8877-4d70-8f73-9d8246e460aa&pf_rd_p=82b20790-8877-4d70-8f73-9d8246e460aa&pf_rd_r=CBVPD2XDTBR2P3JAKWHF&pd_rd_wg=2wuHB&pd_rd_r=d621985b-e58d-4d1d-962e-42d1230ef0e3&ref_=pd_hp_d_atf_unk
https://www.amazon.in/s/?_encoding=UTF8&k=noise&i=electronics&rh=n%3A1388921031%2Cp_n_condition-type%3A8609960031%2Cp_36%3A-200000&pd_rd_w=9bzUF&content-id=amzn1.sym.82b20790-8877-4d70-8f73-9d8246e460aa&pf_rd_p=82b20790-8877-4d70-8f73-9d8246e460aa&pf_rd_r=CBVPD2XDTBR2P3JAKWHF&pd_rd_wg=2wuHB&pd_rd_r=d621985b-e58d-4d1d-962e-42d1230ef0e3&ref_=pd_hp_d_atf_unk
https://www.amazon.in/s/?_encoding=UTF8&k=zebronics&i=electronics&rh=n%3A976419031%2Cn%3A29561348031%2Cp_89%3AZEBRONICS&pd_rd_w=9bzUF&content-id=amzn1.sym.82b20790-8877-4d70-8f73-9d8246e460aa&pf_rd_p=82b20790-8877-4d70-8f73-9d8246e460aa&pf_rd_r=CBVPD2XDTBR2P3JAKWHF&pd_rd_wg=2wuHB&pd_rd_r=d621985b-e58d-4d1d-962e-42d1230ef0e3&ref_=pd_hp_d_atf_unk
https://www.amazon.in/b/?_encoding=UTF8&ie=UTF8&node=1388921031&pd_rd_w=9bzUF&content-id=amzn1.sym.82b20790-8877-4d70-8f73-9d8246e460aa&pf_rd_p=82b20790-8877-4d70-8f73-9d8246e460aa&pf_rd_r=CBVPD2XDTBR2P3JAKWHF&pd_rd_wg=2wuHB&pd_rd_r=d621985b-e58d-4d1d-962e-42d1230ef0e3&ref_=pd_hp_d_atf_unk
https://www.amazon.in/s/?_encoding=UTF8&bbn=81107432031&rh=n%3A81107432031%2Cp_85%3A10440599031&pd_rd_w=AKT4S&content-id=amzn1.sym.58c90a12-100b-4a2f-8e15-7c06f1abe2be&pf_rd_p=58c90a12-100b-4a2f-8e15-7c06f1abe2be&pf_rd_r=CBVPD2XDTBR2P3JAKWHF&pd_rd_wg=2wuHB&pd_rd_r=d621985b-e58d-4d1d-962e-42d1230ef0e3&ref_=pd_hp_d_atf_unk
https://www.amazon.in/s/?_encoding=UTF8&bbn=81107433031&rh=n%3A81107433031%2Cp_85%3A10440599031&pd_rd_w=AKT4S&content-id=amzn1.sym.58c90a12-100b-4a2f-8e15-7c06f1abe2be&pf_rd_p=58c90a12-100b-4a2f-8e15-7c06f1abe2be&pf_rd_r=CBVPD2XDTBR2P3JAKWHF&pd_rd_wg=2wuHB&pd_rd_r=d621985b-e58d-4d1d-962e-42d1230ef0e3&ref_=pd_hp_d_atf_unk
https://www.amazon.in/s/?_encoding=UTF8&bbn=84514739031&rh=n%3A84514739031%2Cp_85%3A10440599031&pd_rd_w=AKT4S&content-id=amzn1.sym.58c90a12-100b-4a2f-8e15-7c06f1abe2be&pf_rd_p=58c90a12-100b-4a2f-8e15-7c06f1abe2be&pf_rd_r=CBVPD2XDTBR2P3JAKWHF&pd_rd_wg=2wuHB&pd_rd_r=d621985b-e58d-4d1d-962e-42d1230ef0e3&ref_=pd_hp_d_atf_unk
https://www.amazon.in/s/?_encoding=UTF8&bbn=84514752031&rh=n%3A84514752031%2Cp_85%3A10440599031&pd_rd_w=AKT4S&content-id=amzn1.sym.58c90a12-100b-4a2f-8e15-7c06f1abe2be&pf_rd_p=58c90a12-100b-4a2f-8e15-7c06f1abe2be&pf_rd_r=CBVPD2XDTBR2P3JAKWHF&pd_rd_wg=2wuHB&pd_rd_r=d621985b-e58d-4d1d-962e-42d1230ef0e3&ref_=pd_hp_d_atf_unk
https://www.amazon.in/s/?_encoding=UTF8&bbn=84514735031&rh=n%3A84514735031%2Cp_85%3A10440599031&pd_rd_w=AKT4S&content-id=amzn1.sym.58c90a12-100b-4a2f-8e15-7c06f1abe2be&pf_rd_p=58c90a12-100b-4a2f-8e15-7c06f1abe2be&pf_rd_r=CBVPD2XDTBR2P3JAKWHF&pd_rd_wg=2wuHB&pd_rd_r=d621985b-e58d-4d1d-962e-42d1230ef0e3&ref_=pd_hp_d_atf_unk
https://www.amazon.in/b/?_encoding=UTF8&ie=UTF8&node=5257472031&pd_rd_w=SRjNh&content-id=amzn1.sym.9ff36f11-82d6-4600-a8fb-e52bb32e171c&pf_rd_p=9ff36f11-82d6-4600-a8fb-e52bb32e171c&pf_rd_r=CBVPD2XDTBR2P3JAKWHF&pd_rd_wg=2wuHB&pd_rd_r=d621985b-e58d-4d1d-962e-42d1230ef0e3&ref_=pd_hp_d_atf_unk
https://www.amazon.in/b/?_encoding=UTF8&ie=UTF8&node=5257496031&pd_rd_w=SRjNh&content-id=amzn1.sym.9ff36f11-82d6-4600-a8fb-e52bb32e171c&pf_rd_p=9ff36f11-82d6-4600-a8fb-e52bb32e171c&pf_rd_r=CBVPD2XDTBR2P3JAKWHF&pd_rd_wg=2wuHB&pd_rd_r=d621985b-e58d-4d1d-962e-42d1230ef0e3&ref_=pd_hp_d_atf_unk
https://www.amazon.in/b/?_encoding=UTF8&ie=UTF8&node=5258045031&pd_rd_w=SRjNh&content-id=amzn1.sym.9ff36f11-82d6-4600-a8fb-e52bb32e171c&pf_rd_p=9ff36f11-82d6-4600-a8fb-e52bb32e171c&pf_rd_r=CBVPD2XDTBR2P3JAKWHF&pd_rd_wg=2wuHB&pd_rd_r=d621985b-e58d-4d1d-962e-42d1230ef0e3&ref_=pd_hp_d_atf_unk
https://www.amazon.in/s/?_encoding=UTF8&bbn=21541481031&rh=n%3A21541481031%2Cp_72%3A1318477031&pd_rd_w=SRjNh&content-id=amzn1.sym.9ff36f11-82d6-4600-a8fb-e52bb32e171c&pf_rd_p=9ff36f11-82d6-4600-a8fb-e52bb32e171c&pf_rd_r=CBVPD2XDTBR2P3JAKWHF&pd_rd_wg=2wuHB&pd_rd_r=d621985b-e58d-4d1d-962e-42d1230ef0e3&ref_=pd_hp_d_atf_unk
https://www.amazon.in/b/?_encoding=UTF8&ie=UTF8&node=4772060031&pd_rd_w=SRjNh&content-id=amzn1.sym.9ff36f11-82d6-4600-a8fb-e52bb32e171c&pf_rd_p=9ff36f11-82d6-4600-a8fb-e52bb32e171c&pf_rd_r=CBVPD2XDTBR2P3JAKWHF&pd_rd_wg=2wuHB&pd_rd_r=d621985b-e58d-4d1d-962e-42d1230ef0e3&ref_=pd_hp_d_atf_unk
https://www.amazon.in/s/?_encoding=UTF8&bbn=1380460031&rh=n%3A1380460031%2Cp_n_format_browse-bin%3A19560802031&pd_rd_w=0VLWD&content-id=amzn1.sym.4d494d65-8009-406a-9a50-5e08a16212d7&pf_rd_p=4d494d65-8009-406a-9a50-5e08a16212d7&pf_rd_r=CBVPD2XDTBR2P3JAKWHF&pd_rd_wg=2wuHB&pd_rd_r=d621985b-e58d-4d1d-962e-42d1230ef0e3&ref_=pd_hp_d_atf_unk
https://www.amazon.in/s/?_encoding=UTF8&bbn=1380479031&rh=n%3A1380479031%2Cp_n_format_browse-bin%3A19560802031&pd_rd_w=0VLWD&content-id=amzn1.sym.4d494d65-8009-406a-9a50-5e08a16212d7&pf_rd_p=4d494d65-8009-406a-9a50-5e08a16212d7&pf_rd_r=CBVPD2XDTBR2P3JAKWHF&pd_rd_wg=2wuHB&pd_rd_r=d621985b-e58d-4d1d-962e-42d1230ef0e3&ref_=pd_hp_d_atf_unk
https://www.amazon.in/s/?_encoding=UTF8&bbn=1380510031&rh=n%3A1380510031%2Cp_n_format_browse-bin%3A19560790031&pd_rd_w=0VLWD&content-id=amzn1.sym.4d494d65-8009-406a-9a50-5e08a16212d7&pf_rd_p=4d494d65-8009-406a-9a50-5e08a16212d7&pf_rd_r=CBVPD2XDTBR2P3JAKWHF&pd_rd_wg=2wuHB&pd_rd_r=d621985b-e58d-4d1d-962e-42d1230ef0e3&ref_=pd_hp_d_atf_unk
https://www.amazon.in/s/?_encoding=UTF8&bbn=1380374031&rh=n%3A1380374031%2Cp_n_format_browse-bin%3A19560799031&pd_rd_w=0VLWD&content-id=amzn1.sym.4d494d65-8009-406a-9a50-5e08a16212d7&pf_rd_p=4d494d65-8009-406a-9a50-5e08a16212d7&pf_rd_r=CBVPD2XDTBR2P3JAKWHF&pd_rd_wg=2wuHB&pd_rd_r=d621985b-e58d-4d1d-962e-42d1230ef0e3&ref_=pd_hp_d_atf_unk
https://www.amazon.in/s/?_encoding=UTF8&bbn=1380442031&rh=n%3A1380442031%2Cp_n_format_browse-bin%3A19560802031&pd_rd_w=0VLWD&content-id=amzn1.sym.4d494d65-8009-406a-9a50-5e08a16212d7&pf_rd_p=4d494d65-8009-406a-9a50-5e08a16212d7&pf_rd_r=CBVPD2XDTBR2P3JAKWHF&pd_rd_wg=2wuHB&pd_rd_r=d621985b-e58d-4d1d-962e-42d1230ef0e3&ref_=pd_hp_d_atf_unk
https://www.amazon.in/s/?_encoding=UTF8&i=apparel&bbn=29945467031&rh=n%3A1571271031%2Cn%3A1953602031%2Cn%3A11400137031%2Cn%3A29945467031%2Cp_n_specials_match%3A21618256031%2Cp_85%3A10440599031%2Cp_n_feature_nineteen_browse-bin%3A11301357031&s=apparel&dc=&ds=v1%3A%2BhVZPdaILyY6IoUQroogq80u3hsE0%2FFUKKfM3PNzT2c&qid=1668003576&rnid=11301356031&ref=sr_nr_p_n_feature_nineteen_browse-bin_1&pd_rd_w=aWHNr&content-id=amzn1.sym.74f25a9d-e850-443b-a26a-da459bed7e95&pf_rd_p=74f25a9d-e850-443b-a26a-da459bed7e95&pf_rd_r=CBVPD2XDTBR2P3JAKWHF&pd_rd_wg=2wuHB&pd_rd_r=d621985b-e58d-4d1d-962e-42d1230ef0e3&ref_=pd_hp_d_atf_unk
https://www.amazon.in/b/ref=women&handbag/?_encoding=UTF8&node=29802312031&pd_rd_w=aWHNr&content-id=amzn1.sym.74f25a9d-e850-443b-a26a-da459bed7e95&pf_rd_p=74f25a9d-e850-443b-a26a-da459bed7e95&pf_rd_r=CBVPD2XDTBR2P3JAKWHF&pd_rd_wg=2wuHB&pd_rd_r=d621985b-e58d-4d1d-962e-42d1230ef0e3&ref_=pd_hp_d_atf_unk
https://www.amazon.in/s/ref=mega_sv_s23_1_3_1_1/?_encoding=UTF8&rh=i%3Awatches%2Cn%3A2563505031&ie=UTF8&lo=watches&pd_rd_w=aWHNr&content-id=amzn1.sym.74f25a9d-e850-443b-a26a-da459bed7e95&pf_rd_p=74f25a9d-e850-443b-a26a-da459bed7e95&pf_rd_r=CBVPD2XDTBR2P3JAKWHF&pd_rd_wg=2wuHB&pd_rd_r=d621985b-e58d-4d1d-962e-42d1230ef0e3&ref_=pd_hp_d_atf_unk
https://www.amazon.in/ref=fj/b/?_encoding=UTF8&node=5210079031&pd_rd_w=aWHNr&content-id=amzn1.sym.74f25a9d-e850-443b-a26a-da459bed7e95&pf_rd_p=74f25a9d-e850-443b-a26a-da459bed7e95&pf_rd_r=CBVPD2XDTBR2P3JAKWHF&pd_rd_wg=2wuHB&pd_rd_r=d621985b-e58d-4d1d-962e-42d1230ef0e3&ref_=pd_hp_d_atf_unk
https://www.amazon.in/b/ref=sl_gw_feb20/?_encoding=UTF8&node=6648217031&pd_rd_w=aWHNr&content-id=amzn1.sym.74f25a9d-e850-443b-a26a-da459bed7e95&pf_rd_p=74f25a9d-e850-443b-a26a-da459bed7e95&pf_rd_r=CBVPD2XDTBR2P3JAKWHF&pd_rd_wg=2wuHB&pd_rd_r=d621985b-e58d-4d1d-962e-42d1230ef0e3&ref_=pd_hp_d_atf_unk
https://www.amazon.in/s/?_encoding=UTF8&rh=i%3Aindustrial%2Cn%3A12109315031&ie=UTF8&pd_rd_w=lavV8&content-id=amzn1.sym.adda1da9-66c3-401c-98d9-7123606eaadd&pf_rd_p=adda1da9-66c3-401c-98d9-7123606eaadd&pf_rd_r=CBVPD2XDTBR2P3JAKWHF&pd_rd_wg=2wuHB&pd_rd_r=d621985b-e58d-4d1d-962e-42d1230ef0e3&ref_=pd_hp_d_atf_unk
https://www.amazon.in/s/?_encoding=UTF8&rh=i%3Aindustrial%2Cn%3A6395912031&ie=UTF8&pd_rd_w=lavV8&content-id=amzn1.sym.adda1da9-66c3-401c-98d9-7123606eaadd&pf_rd_p=adda1da9-66c3-401c-98d9-7123606eaadd&pf_rd_r=CBVPD2XDTBR2P3JAKWHF&pd_rd_wg=2wuHB&pd_rd_r=d621985b-e58d-4d1d-962e-42d1230ef0e3&ref_=pd_hp_d_atf_unk
https://www.amazon.in/b/?_encoding=UTF8&ie=UTF8&node=21955490031&pd_rd_w=lavV8&content-id=amzn1.sym.adda1da9-66c3-401c-98d9-7123606eaadd&pf_rd_p=adda1da9-66c3-401c-98d9-7123606eaadd&pf_rd_r=CBVPD2XDTBR2P3JAKWHF&pd_rd_wg=2wuHB&pd_rd_r=d621985b-e58d-4d1d-962e-42d1230ef0e3&ref_=pd_hp_d_atf_unk
https://www.amazon.in/b/?_encoding=UTF8&ie=UTF8&node=27361229031&pd_rd_w=lavV8&content-id=amzn1.sym.adda1da9-66c3-401c-98d9-7123606eaadd&pf_rd_p=adda1da9-66c3-401c-98d9-7123606eaadd&pf_rd_r=CBVPD2XDTBR2P3JAKWHF&pd_rd_wg=2wuHB&pd_rd_r=d621985b-e58d-4d1d-962e-42d1230ef0e3&ref_=pd_hp_d_atf_unk
https://www.amazon.in/b/ref=MOREPC/?_encoding=UTF8&ie=UTF8&node=5866078031&pd_rd_w=lavV8&content-id=amzn1.sym.adda1da9-66c3-401c-98d9-7123606eaadd&pf_rd_p=adda1da9-66c3-401c-98d9-7123606eaadd&pf_rd_r=CBVPD2XDTBR2P3JAKWHF&pd_rd_wg=2wuHB&pd_rd_r=d621985b-e58d-4d1d-962e-42d1230ef0e3&ref_=pd_hp_d_atf_unk
https://www.amazon.in/s/?_encoding=UTF8&i=baby&bbn=1953345031&rh=n%3A1953345031%2Cp_n_format_browse-bin%3A27915240031%2Cp_89%3AMama%20Bear%7CSupples&pd_rd_w=JS3Yx&content-id=amzn1.sym.0db6684e-f518-4a22-8b3b-7dbaa16e121f&pf_rd_p=0db6684e-f518-4a22-8b3b-7dbaa16e121f&pf_rd_r=CBVPD2XDTBR2P3JAKWHF&pd_rd_wg=2wuHB&pd_rd_r=d621985b-e58d-4d1d-962e-42d1230ef0e3&ref_=pd_hp_d_atf_unk
https://www.amazon.in/s/?_encoding=UTF8&i=baby&bbn=1571274031&rh=n%3A1571274031%2Cp_n_format_browse-bin%3A27915240031%2Cp_89%3ASupples&hidden-keywords=-diapers%20-wetwipes&pd_rd_w=JS3Yx&content-id=amzn1.sym.0db6684e-f518-4a22-8b3b-7dbaa16e121f&pf_rd_p=0db6684e-f518-4a22-8b3b-7dbaa16e121f&pf_rd_r=CBVPD2XDTBR2P3JAKWHF&pd_rd_wg=2wuHB&pd_rd_r=d621985b-e58d-4d1d-962e-42d1230ef0e3&ref_=pd_hp_d_atf_unk
https://www.amazon.in/s/?_encoding=UTF8&bbn=1378445031&rh=n%3A1378445031%2Cp_n_format_browse-bin%3A30678570031&dc=&qid=1726311701&rnid=30678568031&ref=lp_1378445031_nr_p_n_format_browse-bin_0&pd_rd_w=JS3Yx&content-id=amzn1.sym.0db6684e-f518-4a22-8b3b-7dbaa16e121f&pf_rd_p=0db6684e-f518-4a22-8b3b-7dbaa16e121f&pf_rd_r=CBVPD2XDTBR2P3JAKWHF&pd_rd_wg=2wuHB&pd_rd_r=d621985b-e58d-4d1d-962e-42d1230ef0e3&ref_=pd_hp_d_atf_unk
https://www.amazon.in/s/?_encoding=UTF8&i=toys&bbn=1350380031&rh=n%3A1350380031%2Cp_n_format_browse-bin%3A30678570031%2Cp_123%3A606242&hidden-keywords=a%20-plush&pd_rd_w=JS3Yx&content-id=amzn1.sym.0db6684e-f518-4a22-8b3b-7dbaa16e121f&pf_rd_p=0db6684e-f518-4a22-8b3b-7dbaa16e121f&pf_rd_r=CBVPD2XDTBR2P3JAKWHF&pd_rd_wg=2wuHB&pd_rd_r=d621985b-e58d-4d1d-962e-42d1230ef0e3&ref_=pd_hp_d_atf_unk
https://www.amazon.in/l/58543489031/?_encoding=UTF8&pd_rd_w=JS3Yx&content-id=amzn1.sym.0db6684e-f518-4a22-8b3b-7dbaa16e121f&pf_rd_p=0db6684e-f518-4a22-8b3b-7dbaa16e121f&pf_rd_r=CBVPD2XDTBR2P3JAKWHF&pd_rd_wg=2wuHB&pd_rd_r=d621985b-e58d-4d1d-962e-42d1230ef0e3&ref_=pd_hp_d_atf_unk
https://www.amazon.in/s/?_encoding=UTF8&bbn=1378445031&rh=n%3A1378445031%2Cp_n_format_browse-bin%3A30678570031&dc=&qid=1726311701&rnid=30678568031&ref=lp_1378445031_nr_p_n_format_browse-bin_0&pd_rd_w=mwl4N&content-id=amzn1.sym.7863653e-1297-4089-9fbf-f9a8fa45eba4&pf_rd_p=7863653e-1297-4089-9fbf-f9a8fa45eba4&pf_rd_r=CBVPD2XDTBR2P3JAKWHF&pd_rd_wg=2wuHB&pd_rd_r=d621985b-e58d-4d1d-962e-42d1230ef0e3&ref_=pd_hp_d_atf_unk
https://www.amazon.in/s/?_encoding=UTF8&i=toys&bbn=1350380031&rh=n%3A1350380031%2Cp_n_format_browse-bin%3A30678570031%2Cp_123%3A606242&hidden-keywords=a%20-plush&pd_rd_w=mwl4N&content-id=amzn1.sym.7863653e-1297-4089-9fbf-f9a8fa45eba4&pf_rd_p=7863653e-1297-4089-9fbf-f9a8fa45eba4&pf_rd_r=CBVPD2XDTBR2P3JAKWHF&pd_rd_wg=2wuHB&pd_rd_r=d621985b-e58d-4d1d-962e-42d1230ef0e3&ref_=pd_hp_d_atf_unk
https://www.amazon.in/s/?_encoding=UTF8&i=toys&rh=n%3A1350380031%2Cp_n_format_browse-bin%3A30678570031&hidden-keywords=rideon%2Bcycle%2Bcar%2Bscooter%2Brocker&pd_rd_w=mwl4N&content-id=amzn1.sym.7863653e-1297-4089-9fbf-f9a8fa45eba4&pf_rd_p=7863653e-1297-4089-9fbf-f9a8fa45eba4&pf_rd_r=CBVPD2XDTBR2P3JAKWHF&pd_rd_wg=2wuHB&pd_rd_r=d621985b-e58d-4d1d-962e-42d1230ef0e3&ref_=pd_hp_d_atf_unk
https://www.amazon.in/s/?_encoding=UTF8&i=toys&rh=n%3A1378509031%2Cp_123%3A445047%7C606242&dc=&qid=1731662622&rnid=91049095031&ref=sr_pg_1&pd_rd_w=mwl4N&content-id=amzn1.sym.7863653e-1297-4089-9fbf-f9a8fa45eba4&pf_rd_p=7863653e-1297-4089-9fbf-f9a8fa45eba4&pf_rd_r=CBVPD2XDTBR2P3JAKWHF&pd_rd_wg=2wuHB&pd_rd_r=d621985b-e58d-4d1d-962e-42d1230ef0e3&ref_=pd_hp_d_atf_unk
https://www.amazon.in/l/58543489031/?_encoding=UTF8&pd_rd_w=mwl4N&content-id=amzn1.sym.7863653e-1297-4089-9fbf-f9a8fa45eba4&pf_rd_p=7863653e-1297-4089-9fbf-f9a8fa45eba4&pf_rd_r=CBVPD2XDTBR2P3JAKWHF&pd_rd_wg=2wuHB&pd_rd_r=d621985b-e58d-4d1d-962e-42d1230ef0e3&ref_=pd_hp_d_atf_unk
https://www.amazon.in/Amazon-Brand-Presto-Oxo-Biodegradable-Garbage/dp/B0821PN8L4/?_encoding=UTF8&pd_rd_w=ixiBp&content-id=amzn1.sym.211684f4-ebe1-443f-8a4a-0773471e979f&pf_rd_p=211684f4-ebe1-443f-8a4a-0773471e979f&pf_rd_r=CBVPD2XDTBR2P3JAKWHF&pd_rd_wg=PZkOL&pd_rd_r=4d1b6904-f2bf-425f-bb03-40d05ee3828e&ref_=pd_hp_d_btf_crs_zg_bs_976442031
https://www.amazon.in/Orient-Electric-Areva-Adjustable-Thermostat/dp/B083973WX4/?_encoding=UTF8&pd_rd_w=ixiBp&content-id=amzn1.sym.211684f4-ebe1-443f-8a4a-0773471e979f&pf_rd_p=211684f4-ebe1-443f-8a4a-0773471e979f&pf_rd_r=CBVPD2XDTBR2P3JAKWHF&pd_rd_wg=PZkOL&pd_rd_r=4d1b6904-f2bf-425f-bb03-40d05ee3828e&ref_=pd_hp_d_btf_crs_zg_bs_976442031
https://www.amazon.in/Pigeon-Electric-Stainless-Shut-off-Feature/dp/B07WMS7TWB/?_encoding=UTF8&pd_rd_w=ixiBp&content-id=amzn1.sym.211684f4-ebe1-443f-8a4a-0773471e979f&pf_rd_p=211684f4-ebe1-443f-8a4a-0773471e979f&pf_rd_r=CBVPD2XDTBR2P3JAKWHF&pd_rd_wg=PZkOL&pd_rd_r=4d1b6904-f2bf-425f-bb03-40d05ee3828e&ref_=pd_hp_d_btf_crs_zg_bs_976442031
https://www.amazon.in/Zulaxy-Drilling-Adhesive-Transparent-Stainless/dp/B0CCM8L54V/?_encoding=UTF8&pd_rd_w=ixiBp&content-id=amzn1.sym.211684f4-ebe1-443f-8a4a-0773471e979f&pf_rd_p=211684f4-ebe1-443f-8a4a-0773471e979f&pf_rd_r=CBVPD2XDTBR2P3JAKWHF&pd_rd_wg=PZkOL&pd_rd_r=4d1b6904-f2bf-425f-bb03-40d05ee3828e&ref_=pd_hp_d_btf_crs_zg_bs_976442031
https://www.amazon.in/Ezee-Garbage-Bag-inches-Pieces/dp/B06VX8YR6Q/?_encoding=UTF8&pd_rd_w=ixiBp&content-id=amzn1.sym.211684f4-ebe1-443f-8a4a-0773471e979f&pf_rd_p=211684f4-ebe1-443f-8a4a-0773471e979f&pf_rd_r=CBVPD2XDTBR2P3JAKWHF&pd_rd_wg=PZkOL&pd_rd_r=4d1b6904-f2bf-425f-bb03-40d05ee3828e&ref_=pd_hp_d_btf_crs_zg_bs_976442031
https://www.amazon.in/AGARO-Remover-Sweaters-Blankets-Curtains/dp/B0D2TS9MD3/?_encoding=UTF8&pd_rd_w=ixiBp&content-id=amzn1.sym.211684f4-ebe1-443f-8a4a-0773471e979f&pf_rd_p=211684f4-ebe1-443f-8a4a-0773471e979f&pf_rd_r=CBVPD2XDTBR2P3JAKWHF&pd_rd_wg=PZkOL&pd_rd_r=4d1b6904-f2bf-425f-bb03-40d05ee3828e&ref_=pd_hp_d_btf_crs_zg_bs_976442031
https://www.amazon.in/Homestrap-Non-Woven-Organizer-Transparent-Featured/dp/B08LQRXXNB/?_encoding=UTF8&pd_rd_w=ixiBp&content-id=amzn1.sym.211684f4-ebe1-443f-8a4a-0773471e979f&pf_rd_p=211684f4-ebe1-443f-8a4a-0773471e979f&pf_rd_r=CBVPD2XDTBR2P3JAKWHF&pd_rd_wg=PZkOL&pd_rd_r=4d1b6904-f2bf-425f-bb03-40d05ee3828e&ref_=pd_hp_d_btf_crs_zg_bs_976442031
https://www.amazon.in/Weighing-Balanced-Batteries-Included-A121/dp/B083C6XMKQ/?_encoding=UTF8&pd_rd_w=ixiBp&content-id=amzn1.sym.211684f4-ebe1-443f-8a4a-0773471e979f&pf_rd_p=211684f4-ebe1-443f-8a4a-0773471e979f&pf_rd_r=CBVPD2XDTBR2P3JAKWHF&pd_rd_wg=PZkOL&pd_rd_r=4d1b6904-f2bf-425f-bb03-40d05ee3828e&ref_=pd_hp_d_btf_crs_zg_bs_976442031
https://www.amazon.in/Wakefit-Waterproof-Protector-Breathable-Hypoallergenic/dp/B0C1S894S3/?_encoding=UTF8&pd_rd_w=ixiBp&content-id=amzn1.sym.211684f4-ebe1-443f-8a4a-0773471e979f&pf_rd_p=211684f4-ebe1-443f-8a4a-0773471e979f&pf_rd_r=CBVPD2XDTBR2P3JAKWHF&pd_rd_wg=PZkOL&pd_rd_r=4d1b6904-f2bf-425f-bb03-40d05ee3828e&ref_=pd_hp_d_btf_crs_zg_bs_976442031
https://www.amazon.in/Orpat-OEH-1220-2000-Watt-Heater-White/dp/B00B7GHQQW/?_encoding=UTF8&pd_rd_w=ixiBp&content-id=amzn1.sym.211684f4-ebe1-443f-8a4a-0773471e979f&pf_rd_p=211684f4-ebe1-443f-8a4a-0773471e979f&pf_rd_r=CBVPD2XDTBR2P3JAKWHF&pd_rd_wg=PZkOL&pd_rd_r=4d1b6904-f2bf-425f-bb03-40d05ee3828e&ref_=pd_hp_d_btf_crs_zg_bs_976442031
https://www.amazon.in/wipro-coverage-Protection-Voltage-Efficient/dp/B0BR3VKC3F/?_encoding=UTF8&pd_rd_w=ixiBp&content-id=amzn1.sym.211684f4-ebe1-443f-8a4a-0773471e979f&pf_rd_p=211684f4-ebe1-443f-8a4a-0773471e979f&pf_rd_r=CBVPD2XDTBR2P3JAKWHF&pd_rd_wg=PZkOL&pd_rd_r=4d1b6904-f2bf-425f-bb03-40d05ee3828e&ref_=pd_hp_d_btf_crs_zg_bs_976442031
https://www.amazon.in/Misamo-Enterprise-Bathroom-Hangings-Transparent/dp/B09SLQPK3T/?_encoding=UTF8&pd_rd_w=ixiBp&content-id=amzn1.sym.211684f4-ebe1-443f-8a4a-0773471e979f&pf_rd_p=211684f4-ebe1-443f-8a4a-0773471e979f&pf_rd_r=CBVPD2XDTBR2P3JAKWHF&pd_rd_wg=PZkOL&pd_rd_r=4d1b6904-f2bf-425f-bb03-40d05ee3828e&ref_=pd_hp_d_btf_crs_zg_bs_976442031
https://www.amazon.in/NutriPro-Juicer-Mixer-Grinder-Smoothie/dp/B09J2SCVQT/?_encoding=UTF8&pd_rd_w=ixiBp&content-id=amzn1.sym.211684f4-ebe1-443f-8a4a-0773471e979f&pf_rd_p=211684f4-ebe1-443f-8a4a-0773471e979f&pf_rd_r=CBVPD2XDTBR2P3JAKWHF&pd_rd_wg=PZkOL&pd_rd_r=4d1b6904-f2bf-425f-bb03-40d05ee3828e&ref_=pd_hp_d_btf_crs_zg_bs_976442031
https://www.amazon.in/Amazon-Brand-Presto-Oxo-Biodegradable-Garbage/dp/B0821PYKVK/?_encoding=UTF8&pd_rd_w=ixiBp&content-id=amzn1.sym.211684f4-ebe1-443f-8a4a-0773471e979f&pf_rd_p=211684f4-ebe1-443f-8a4a-0773471e979f&pf_rd_r=CBVPD2XDTBR2P3JAKWHF&pd_rd_wg=PZkOL&pd_rd_r=4d1b6904-f2bf-425f-bb03-40d05ee3828e&ref_=pd_hp_d_btf_crs_zg_bs_976442031
https://www.amazon.in/Milton-Thermosteel-Flask-milliliters-Silver/dp/B00MIYM0VS/?_encoding=UTF8&pd_rd_w=ixiBp&content-id=amzn1.sym.211684f4-ebe1-443f-8a4a-0773471e979f&pf_rd_p=211684f4-ebe1-443f-8a4a-0773471e979f&pf_rd_r=CBVPD2XDTBR2P3JAKWHF&pd_rd_wg=PZkOL&pd_rd_r=4d1b6904-f2bf-425f-bb03-40d05ee3828e&ref_=pd_hp_d_btf_crs_zg_bs_976442031
https://www.amazon.in/Prestige-Electric-Kettle-PKOSS-1500watts/dp/B01MQZ7J8K/?_encoding=UTF8&pd_rd_w=ixiBp&content-id=amzn1.sym.211684f4-ebe1-443f-8a4a-0773471e979f&pf_rd_p=211684f4-ebe1-443f-8a4a-0773471e979f&pf_rd_r=CBVPD2XDTBR2P3JAKWHF&pd_rd_wg=PZkOL&pd_rd_r=4d1b6904-f2bf-425f-bb03-40d05ee3828e&ref_=pd_hp_d_btf_crs_zg_bs_976442031
https://www.amazon.in/Shalimar-Premium-Garbage-Medium-Rolls/dp/B07KT9Q54M/?_encoding=UTF8&pd_rd_w=ixiBp&content-id=amzn1.sym.211684f4-ebe1-443f-8a4a-0773471e979f&pf_rd_p=211684f4-ebe1-443f-8a4a-0773471e979f&pf_rd_r=CBVPD2XDTBR2P3JAKWHF&pd_rd_wg=PZkOL&pd_rd_r=4d1b6904-f2bf-425f-bb03-40d05ee3828e&ref_=pd_hp_d_btf_crs_zg_bs_976442031
https://www.amazon.in/Milton-Thermosteel-Bottle-Kitchen-Trekking/dp/B0B4RX7ZXK/?_encoding=UTF8&pd_rd_w=ixiBp&content-id=amzn1.sym.211684f4-ebe1-443f-8a4a-0773471e979f&pf_rd_p=211684f4-ebe1-443f-8a4a-0773471e979f&pf_rd_r=CBVPD2XDTBR2P3JAKWHF&pd_rd_wg=PZkOL&pd_rd_r=4d1b6904-f2bf-425f-bb03-40d05ee3828e&ref_=pd_hp_d_btf_crs_zg_bs_976442031
https://www.amazon.in/Crompton-Storage-Heater-Advanced-Safety/dp/B08GSQXLJ2/?_encoding=UTF8&pd_rd_w=ixiBp&content-id=amzn1.sym.211684f4-ebe1-443f-8a4a-0773471e979f&pf_rd_p=211684f4-ebe1-443f-8a4a-0773471e979f&pf_rd_r=CBVPD2XDTBR2P3JAKWHF&pd_rd_wg=PZkOL&pd_rd_r=4d1b6904-f2bf-425f-bb03-40d05ee3828e&ref_=pd_hp_d_btf_crs_zg_bs_976442031
https://www.amazon.in/Godrej-Matic-Spray-Violet-Valley/dp/B07FPKJ7MP/?_encoding=UTF8&pd_rd_w=ixiBp&content-id=amzn1.sym.211684f4-ebe1-443f-8a4a-0773471e979f&pf_rd_p=211684f4-ebe1-443f-8a4a-0773471e979f&pf_rd_r=CBVPD2XDTBR2P3JAKWHF&pd_rd_wg=PZkOL&pd_rd_r=4d1b6904-f2bf-425f-bb03-40d05ee3828e&ref_=pd_hp_d_btf_crs_zg_bs_976442031
https://www.amazon.in/Wakefit-Sleeping-Pillow-Set-27/dp/B07L6GZYDV/?_encoding=UTF8&pd_rd_w=ixiBp&content-id=amzn1.sym.211684f4-ebe1-443f-8a4a-0773471e979f&pf_rd_p=211684f4-ebe1-443f-8a4a-0773471e979f&pf_rd_r=CBVPD2XDTBR2P3JAKWHF&pd_rd_wg=PZkOL&pd_rd_r=4d1b6904-f2bf-425f-bb03-40d05ee3828e&ref_=pd_hp_d_btf_crs_zg_bs_976442031
https://www.amazon.in/Pigeon-Stovekraft-Plastic-Chopper-Blades/dp/B01LWYDEQ7/?_encoding=UTF8&pd_rd_w=ixiBp&content-id=amzn1.sym.211684f4-ebe1-443f-8a4a-0773471e979f&pf_rd_p=211684f4-ebe1-443f-8a4a-0773471e979f&pf_rd_r=CBVPD2XDTBR2P3JAKWHF&pd_rd_wg=PZkOL&pd_rd_r=4d1b6904-f2bf-425f-bb03-40d05ee3828e&ref_=pd_hp_d_btf_crs_zg_bs_976442031
https://www.amazon.in/Trance-Home-Linen-Waterproof-Dustproof/dp/B01A57IV58/?_encoding=UTF8&pd_rd_w=ixiBp&content-id=amzn1.sym.211684f4-ebe1-443f-8a4a-0773471e979f&pf_rd_p=211684f4-ebe1-443f-8a4a-0773471e979f&pf_rd_r=CBVPD2XDTBR2P3JAKWHF&pd_rd_wg=PZkOL&pd_rd_r=4d1b6904-f2bf-425f-bb03-40d05ee3828e&ref_=pd_hp_d_btf_crs_zg_bs_976442031
https://www.amazon.in/Electric-Automatic-Operation-Overheat-Protection/dp/B0BT1M24FN/?_encoding=UTF8&pd_rd_w=ixiBp&content-id=amzn1.sym.211684f4-ebe1-443f-8a4a-0773471e979f&pf_rd_p=211684f4-ebe1-443f-8a4a-0773471e979f&pf_rd_r=CBVPD2XDTBR2P3JAKWHF&pd_rd_wg=PZkOL&pd_rd_r=4d1b6904-f2bf-425f-bb03-40d05ee3828e&ref_=pd_hp_d_btf_crs_zg_bs_976442031
https://www.amazon.in/Bajaj-1500-Watt-Immersion-Heater-Plug/dp/B00ABMASXG/?_encoding=UTF8&pd_rd_w=ixiBp&content-id=amzn1.sym.211684f4-ebe1-443f-8a4a-0773471e979f&pf_rd_p=211684f4-ebe1-443f-8a4a-0773471e979f&pf_rd_r=CBVPD2XDTBR2P3JAKWHF&pd_rd_wg=PZkOL&pd_rd_r=4d1b6904-f2bf-425f-bb03-40d05ee3828e&ref_=pd_hp_d_btf_crs_zg_bs_976442031
https://www.amazon.in/AmazonBasics-Vacuum-Compression-Storage-Bags/dp/B07RSCPH4N/?_encoding=UTF8&pd_rd_w=ixiBp&content-id=amzn1.sym.211684f4-ebe1-443f-8a4a-0773471e979f&pf_rd_p=211684f4-ebe1-443f-8a4a-0773471e979f&pf_rd_r=CBVPD2XDTBR2P3JAKWHF&pd_rd_wg=PZkOL&pd_rd_r=4d1b6904-f2bf-425f-bb03-40d05ee3828e&ref_=pd_hp_d_btf_crs_zg_bs_976442031
https://www.amazon.in/Pigeon-Stainless-boiling-Instant-Noodles/dp/B09Y5FZK9N/?_encoding=UTF8&pd_rd_w=ixiBp&content-id=amzn1.sym.211684f4-ebe1-443f-8a4a-0773471e979f&pf_rd_p=211684f4-ebe1-443f-8a4a-0773471e979f&pf_rd_r=CBVPD2XDTBR2P3JAKWHF&pd_rd_wg=PZkOL&pd_rd_r=4d1b6904-f2bf-425f-bb03-40d05ee3828e&ref_=pd_hp_d_btf_crs_zg_bs_976442031
https://www.amazon.in/Amazon-Brand-Solimo-2000-Watt-certified/dp/B07VX71FZP/?_encoding=UTF8&pd_rd_w=ixiBp&content-id=amzn1.sym.211684f4-ebe1-443f-8a4a-0773471e979f&pf_rd_p=211684f4-ebe1-443f-8a4a-0773471e979f&pf_rd_r=CBVPD2XDTBR2P3JAKWHF&pd_rd_wg=PZkOL&pd_rd_r=4d1b6904-f2bf-425f-bb03-40d05ee3828e&ref_=pd_hp_d_btf_crs_zg_bs_976442031
https://www.amazon.in/Multipurpose-Portable-Electronic-Digital-Weighing/dp/B09185QH3C/?_encoding=UTF8&pd_rd_w=ixiBp&content-id=amzn1.sym.211684f4-ebe1-443f-8a4a-0773471e979f&pf_rd_p=211684f4-ebe1-443f-8a4a-0773471e979f&pf_rd_r=CBVPD2XDTBR2P3JAKWHF&pd_rd_wg=PZkOL&pd_rd_r=4d1b6904-f2bf-425f-bb03-40d05ee3828e&ref_=pd_hp_d_btf_crs_zg_bs_976442031
https://www.amazon.in/Recron-Fiber-Dream-Pillow-White/dp/B016D7UJMW/?_encoding=UTF8&pd_rd_w=ixiBp&content-id=amzn1.sym.211684f4-ebe1-443f-8a4a-0773471e979f&pf_rd_p=211684f4-ebe1-443f-8a4a-0773471e979f&pf_rd_r=CBVPD2XDTBR2P3JAKWHF&pd_rd_wg=PZkOL&pd_rd_r=4d1b6904-f2bf-425f-bb03-40d05ee3828e&ref_=pd_hp_d_btf_crs_zg_bs_976442031
https://www.amazon.in/#
https://www.amazon.in/#
https://www.amazon.in/b?node=28253258031&pd_rd_w=68nAy&content-id=amzn1.sym.3cc38871-af86-4b33-8167-5a0084f74b87&pf_rd_p=3cc38871-af86-4b33-8167-5a0084f74b87&pf_rd_r=CBVPD2XDTBR2P3JAKWHF&pd_rd_wg=PZkOL&pd_rd_r=4d1b6904-f2bf-425f-bb03-40d05ee3828e
https://www.amazon.in/Vinayaka-Fab-Velvet-Pillow-Covers/dp/B0CL3GC19K/?_encoding=UTF8&pd_rd_w=68nAy&content-id=amzn1.sym.3cc38871-af86-4b33-8167-5a0084f74b87&pf_rd_p=3cc38871-af86-4b33-8167-5a0084f74b87&pf_rd_r=CBVPD2XDTBR2P3JAKWHF&pd_rd_wg=PZkOL&pd_rd_r=4d1b6904-f2bf-425f-bb03-40d05ee3828e&ref_=pd_hp_d_btf_ls_gwc_pc_en2_
https://www.amazon.in/Unique-wants-Lippan-hanging-mirror/dp/B0BY4W8519/?_encoding=UTF8&pd_rd_w=68nAy&content-id=amzn1.sym.3cc38871-af86-4b33-8167-5a0084f74b87&pf_rd_p=3cc38871-af86-4b33-8167-5a0084f74b87&pf_rd_r=CBVPD2XDTBR2P3JAKWHF&pd_rd_wg=PZkOL&pd_rd_r=4d1b6904-f2bf-425f-bb03-40d05ee3828e&ref_=pd_hp_d_btf_ls_gwc_pc_en2_
https://www.amazon.in/RITUALISTIC-Madhubani-Iron-Wall-Multicolor/dp/B0BPQVBKJP/?_encoding=UTF8&pd_rd_w=68nAy&content-id=amzn1.sym.3cc38871-af86-4b33-8167-5a0084f74b87&pf_rd_p=3cc38871-af86-4b33-8167-5a0084f74b87&pf_rd_r=CBVPD2XDTBR2P3JAKWHF&pd_rd_wg=PZkOL&pd_rd_r=4d1b6904-f2bf-425f-bb03-40d05ee3828e&ref_=pd_hp_d_btf_ls_gwc_pc_en2_
https://www.amazon.in/Harold-Electricals-Chirpy-Bedroom-Fixture/dp/B0C8DKPP9Z/?_encoding=UTF8&pd_rd_w=68nAy&content-id=amzn1.sym.3cc38871-af86-4b33-8167-5a0084f74b87&pf_rd_p=3cc38871-af86-4b33-8167-5a0084f74b87&pf_rd_r=CBVPD2XDTBR2P3JAKWHF&pd_rd_wg=PZkOL&pd_rd_r=4d1b6904-f2bf-425f-bb03-40d05ee3828e&ref_=pd_hp_d_btf_ls_gwc_pc_en2_
https://www.amazon.in/Vedas-Exports-Hanging-Sculpture-inches/dp/B09STS5ZGC/?_encoding=UTF8&pd_rd_w=68nAy&content-id=amzn1.sym.3cc38871-af86-4b33-8167-5a0084f74b87&pf_rd_p=3cc38871-af86-4b33-8167-5a0084f74b87&pf_rd_r=CBVPD2XDTBR2P3JAKWHF&pd_rd_wg=PZkOL&pd_rd_r=4d1b6904-f2bf-425f-bb03-40d05ee3828e&ref_=pd_hp_d_btf_ls_gwc_pc_en2_
https://www.amazon.in/Premium-Versatile-Organizer-Kitchen-18x18x10-7Inch/dp/B09G6VYXMP/?_encoding=UTF8&pd_rd_w=68nAy&content-id=amzn1.sym.3cc38871-af86-4b33-8167-5a0084f74b87&pf_rd_p=3cc38871-af86-4b33-8167-5a0084f74b87&pf_rd_r=CBVPD2XDTBR2P3JAKWHF&pd_rd_wg=PZkOL&pd_rd_r=4d1b6904-f2bf-425f-bb03-40d05ee3828e&ref_=pd_hp_d_btf_ls_gwc_pc_en2_
https://www.amazon.in/WHITE-INK-DECOR-Girlfriend-Anniversaries/dp/B0B1QP4G48/?_encoding=UTF8&pd_rd_w=68nAy&content-id=amzn1.sym.3cc38871-af86-4b33-8167-5a0084f74b87&pf_rd_p=3cc38871-af86-4b33-8167-5a0084f74b87&pf_rd_r=CBVPD2XDTBR2P3JAKWHF&pd_rd_wg=PZkOL&pd_rd_r=4d1b6904-f2bf-425f-bb03-40d05ee3828e&ref_=pd_hp_d_btf_ls_gwc_pc_en2_
https://www.amazon.in/RITUALISTIC-Madhubani-Plates-Painting-Intricate/dp/B0BZMCZRR9/?_encoding=UTF8&pd_rd_w=68nAy&content-id=amzn1.sym.3cc38871-af86-4b33-8167-5a0084f74b87&pf_rd_p=3cc38871-af86-4b33-8167-5a0084f74b87&pf_rd_r=CBVPD2XDTBR2P3JAKWHF&pd_rd_wg=PZkOL&pd_rd_r=4d1b6904-f2bf-425f-bb03-40d05ee3828e&ref_=pd_hp_d_btf_ls_gwc_pc_en2_
https://www.amazon.in/VIstacrafts-Elephant-Playing-Instrument-Showpiece/dp/B0D9KGNYN4/?_encoding=UTF8&pd_rd_w=68nAy&content-id=amzn1.sym.3cc38871-af86-4b33-8167-5a0084f74b87&pf_rd_p=3cc38871-af86-4b33-8167-5a0084f74b87&pf_rd_r=CBVPD2XDTBR2P3JAKWHF&pd_rd_wg=PZkOL&pd_rd_r=4d1b6904-f2bf-425f-bb03-40d05ee3828e&ref_=pd_hp_d_btf_ls_gwc_pc_en2_
https://www.amazon.in/KREATIVE-ARTS-Decorative-Warming-Decorations/dp/B09RKQH671/?_encoding=UTF8&pd_rd_w=68nAy&content-id=amzn1.sym.3cc38871-af86-4b33-8167-5a0084f74b87&pf_rd_p=3cc38871-af86-4b33-8167-5a0084f74b87&pf_rd_r=CBVPD2XDTBR2P3JAKWHF&pd_rd_wg=PZkOL&pd_rd_r=4d1b6904-f2bf-425f-bb03-40d05ee3828e&ref_=pd_hp_d_btf_ls_gwc_pc_en2_
https://www.amazon.in/ETHNIC-INDIA-Brass-Peacock-Inlay/dp/B0D6YP4WJ9/?_encoding=UTF8&pd_rd_w=68nAy&content-id=amzn1.sym.3cc38871-af86-4b33-8167-5a0084f74b87&pf_rd_p=3cc38871-af86-4b33-8167-5a0084f74b87&pf_rd_r=CBVPD2XDTBR2P3JAKWHF&pd_rd_wg=PZkOL&pd_rd_r=4d1b6904-f2bf-425f-bb03-40d05ee3828e&ref_=pd_hp_d_btf_ls_gwc_pc_en2_
https://www.amazon.in/SRA-Home-Deco-Beautifully-Decoration/dp/B0C5S3KFFN/?_encoding=UTF8&pd_rd_w=68nAy&content-id=amzn1.sym.3cc38871-af86-4b33-8167-5a0084f74b87&pf_rd_p=3cc38871-af86-4b33-8167-5a0084f74b87&pf_rd_r=CBVPD2XDTBR2P3JAKWHF&pd_rd_wg=PZkOL&pd_rd_r=4d1b6904-f2bf-425f-bb03-40d05ee3828e&ref_=pd_hp_d_btf_ls_gwc_pc_en2_
https://www.amazon.in/RITUALISTIC-Kashmiri-Plates-Painting-Intricate/dp/B0C86TX2NQ/?_encoding=UTF8&pd_rd_w=68nAy&content-id=amzn1.sym.3cc38871-af86-4b33-8167-5a0084f74b87&pf_rd_p=3cc38871-af86-4b33-8167-5a0084f74b87&pf_rd_r=CBVPD2XDTBR2P3JAKWHF&pd_rd_wg=PZkOL&pd_rd_r=4d1b6904-f2bf-425f-bb03-40d05ee3828e&ref_=pd_hp_d_btf_ls_gwc_pc_en2_
https://www.amazon.in/ABHA-CRAFT-Showpiece-Figurine-Gifting/dp/B0D7W41HK8/?_encoding=UTF8&pd_rd_w=68nAy&content-id=amzn1.sym.3cc38871-af86-4b33-8167-5a0084f74b87&pf_rd_p=3cc38871-af86-4b33-8167-5a0084f74b87&pf_rd_r=CBVPD2XDTBR2P3JAKWHF&pd_rd_wg=PZkOL&pd_rd_r=4d1b6904-f2bf-425f-bb03-40d05ee3828e&ref_=pd_hp_d_btf_ls_gwc_pc_en2_
https://www.amazon.in/ETHNIC-INDIA-Coloured-Brass-Peacock/dp/B0D9Y6W1HB/?_encoding=UTF8&pd_rd_w=68nAy&content-id=amzn1.sym.3cc38871-af86-4b33-8167-5a0084f74b87&pf_rd_p=3cc38871-af86-4b33-8167-5a0084f74b87&pf_rd_r=CBVPD2XDTBR2P3JAKWHF&pd_rd_wg=PZkOL&pd_rd_r=4d1b6904-f2bf-425f-bb03-40d05ee3828e&ref_=pd_hp_d_btf_ls_gwc_pc_en2_
https://www.amazon.in/WHITE-INK-DECOR-Monk-Showpiece/dp/B0D2ZY977C/?_encoding=UTF8&pd_rd_w=68nAy&content-id=amzn1.sym.3cc38871-af86-4b33-8167-5a0084f74b87&pf_rd_p=3cc38871-af86-4b33-8167-5a0084f74b87&pf_rd_r=CBVPD2XDTBR2P3JAKWHF&pd_rd_wg=PZkOL&pd_rd_r=4d1b6904-f2bf-425f-bb03-40d05ee3828e&ref_=pd_hp_d_btf_ls_gwc_pc_en2_
https://www.amazon.in/AKWAY-Webbing-Decoration-Bedside-bediside/dp/B0BZVD56HT/?_encoding=UTF8&pd_rd_w=68nAy&content-id=amzn1.sym.3cc38871-af86-4b33-8167-5a0084f74b87&pf_rd_p=3cc38871-af86-4b33-8167-5a0084f74b87&pf_rd_r=CBVPD2XDTBR2P3JAKWHF&pd_rd_wg=PZkOL&pd_rd_r=4d1b6904-f2bf-425f-bb03-40d05ee3828e&ref_=pd_hp_d_btf_ls_gwc_pc_en2_
https://www.amazon.in/Artment-ZenGarden-Showpiece-Waterfall-Fountain/dp/B0CX1PWF8J/?_encoding=UTF8&pd_rd_w=68nAy&content-id=amzn1.sym.3cc38871-af86-4b33-8167-5a0084f74b87&pf_rd_p=3cc38871-af86-4b33-8167-5a0084f74b87&pf_rd_r=CBVPD2XDTBR2P3JAKWHF&pd_rd_wg=PZkOL&pd_rd_r=4d1b6904-f2bf-425f-bb03-40d05ee3828e&ref_=pd_hp_d_btf_ls_gwc_pc_en2_
https://www.amazon.in/Divine-Trends-Antique-Lampshade-Decoration/dp/B09RW2TQ3W/?_encoding=UTF8&pd_rd_w=68nAy&content-id=amzn1.sym.3cc38871-af86-4b33-8167-5a0084f74b87&pf_rd_p=3cc38871-af86-4b33-8167-5a0084f74b87&pf_rd_r=CBVPD2XDTBR2P3JAKWHF&pd_rd_wg=PZkOL&pd_rd_r=4d1b6904-f2bf-425f-bb03-40d05ee3828e&ref_=pd_hp_d_btf_ls_gwc_pc_en2_
https://www.amazon.in/vedas-Multicolor-Sculpture-Hanging-Mounted/dp/B0DH87MPCB/?_encoding=UTF8&pd_rd_w=68nAy&content-id=amzn1.sym.3cc38871-af86-4b33-8167-5a0084f74b87&pf_rd_p=3cc38871-af86-4b33-8167-5a0084f74b87&pf_rd_r=CBVPD2XDTBR2P3JAKWHF&pd_rd_wg=PZkOL&pd_rd_r=4d1b6904-f2bf-425f-bb03-40d05ee3828e&ref_=pd_hp_d_btf_ls_gwc_pc_en2_
https://www.amazon.in/Festive-Raga-Manthan-Lantern-Centerpiece-Decoration/dp/B0CLSBTX41/?_encoding=UTF8&pd_rd_w=68nAy&content-id=amzn1.sym.3cc38871-af86-4b33-8167-5a0084f74b87&pf_rd_p=3cc38871-af86-4b33-8167-5a0084f74b87&pf_rd_r=CBVPD2XDTBR2P3JAKWHF&pd_rd_wg=PZkOL&pd_rd_r=4d1b6904-f2bf-425f-bb03-40d05ee3828e&ref_=pd_hp_d_btf_ls_gwc_pc_en2_
https://www.amazon.in/WHITE-INK-DECOR-Monk-Showpiece/dp/B0D311BBZQ/?_encoding=UTF8&pd_rd_w=68nAy&content-id=amzn1.sym.3cc38871-af86-4b33-8167-5a0084f74b87&pf_rd_p=3cc38871-af86-4b33-8167-5a0084f74b87&pf_rd_r=CBVPD2XDTBR2P3JAKWHF&pd_rd_wg=PZkOL&pd_rd_r=4d1b6904-f2bf-425f-bb03-40d05ee3828e&ref_=pd_hp_d_btf_ls_gwc_pc_en2_
https://www.amazon.in/ADWAIT-Cluster-Chandelier-Diamond-Hanging/dp/B0C1KCTNW5/?_encoding=UTF8&pd_rd_w=68nAy&content-id=amzn1.sym.3cc38871-af86-4b33-8167-5a0084f74b87&pf_rd_p=3cc38871-af86-4b33-8167-5a0084f74b87&pf_rd_r=CBVPD2XDTBR2P3JAKWHF&pd_rd_wg=PZkOL&pd_rd_r=4d1b6904-f2bf-425f-bb03-40d05ee3828e&ref_=pd_hp_d_btf_ls_gwc_pc_en2_
https://www.amazon.in/Premium-Circular-Kitchen-Organizer-Mahogany/dp/B095M5DV89/?_encoding=UTF8&pd_rd_w=68nAy&content-id=amzn1.sym.3cc38871-af86-4b33-8167-5a0084f74b87&pf_rd_p=3cc38871-af86-4b33-8167-5a0084f74b87&pf_rd_r=CBVPD2XDTBR2P3JAKWHF&pd_rd_wg=PZkOL&pd_rd_r=4d1b6904-f2bf-425f-bb03-40d05ee3828e&ref_=pd_hp_d_btf_ls_gwc_pc_en2_
https://www.amazon.in/K-Handicrafts-Mountain-Decoration-Sculpture-Decorative/dp/B0BMM8TLXW/?_encoding=UTF8&pd_rd_w=68nAy&content-id=amzn1.sym.3cc38871-af86-4b33-8167-5a0084f74b87&pf_rd_p=3cc38871-af86-4b33-8167-5a0084f74b87&pf_rd_r=CBVPD2XDTBR2P3JAKWHF&pd_rd_wg=PZkOL&pd_rd_r=4d1b6904-f2bf-425f-bb03-40d05ee3828e&ref_=pd_hp_d_btf_ls_gwc_pc_en2_
https://www.amazon.in/Handicraft-Decorative-Designer-Urli-Bowl/dp/B0CC25JP6R/?_encoding=UTF8&pd_rd_w=68nAy&content-id=amzn1.sym.3cc38871-af86-4b33-8167-5a0084f74b87&pf_rd_p=3cc38871-af86-4b33-8167-5a0084f74b87&pf_rd_r=CBVPD2XDTBR2P3JAKWHF&pd_rd_wg=PZkOL&pd_rd_r=4d1b6904-f2bf-425f-bb03-40d05ee3828e&ref_=pd_hp_d_btf_ls_gwc_pc_en2_
https://www.amazon.in/House-Quirk-Turntable-Organizer-Countertops/dp/B0BQRFPQRC/?_encoding=UTF8&pd_rd_w=68nAy&content-id=amzn1.sym.3cc38871-af86-4b33-8167-5a0084f74b87&pf_rd_p=3cc38871-af86-4b33-8167-5a0084f74b87&pf_rd_r=CBVPD2XDTBR2P3JAKWHF&pd_rd_wg=PZkOL&pd_rd_r=4d1b6904-f2bf-425f-bb03-40d05ee3828e&ref_=pd_hp_d_btf_ls_gwc_pc_en2_
https://www.amazon.in/VIVARS-Fountain-Meditation-Decoration-Decoration-Multi/dp/B0C5FP5ZCG/?_encoding=UTF8&pd_rd_w=68nAy&content-id=amzn1.sym.3cc38871-af86-4b33-8167-5a0084f74b87&pf_rd_p=3cc38871-af86-4b33-8167-5a0084f74b87&pf_rd_r=CBVPD2XDTBR2P3JAKWHF&pd_rd_wg=PZkOL&pd_rd_r=4d1b6904-f2bf-425f-bb03-40d05ee3828e&ref_=pd_hp_d_btf_ls_gwc_pc_en2_
https://www.amazon.in/Divine-Trends-Antique-Diamond-Decoration/dp/B0B9GQRR6X/?_encoding=UTF8&pd_rd_w=68nAy&content-id=amzn1.sym.3cc38871-af86-4b33-8167-5a0084f74b87&pf_rd_p=3cc38871-af86-4b33-8167-5a0084f74b87&pf_rd_r=CBVPD2XDTBR2P3JAKWHF&pd_rd_wg=PZkOL&pd_rd_r=4d1b6904-f2bf-425f-bb03-40d05ee3828e&ref_=pd_hp_d_btf_ls_gwc_pc_en2_
https://www.amazon.in/WRINGO-Glass-Candy-Jar-Decorative/dp/B0C3YMCYFP/?_encoding=UTF8&pd_rd_w=68nAy&content-id=amzn1.sym.3cc38871-af86-4b33-8167-5a0084f74b87&pf_rd_p=3cc38871-af86-4b33-8167-5a0084f74b87&pf_rd_r=CBVPD2XDTBR2P3JAKWHF&pd_rd_wg=PZkOL&pd_rd_r=4d1b6904-f2bf-425f-bb03-40d05ee3828e&ref_=pd_hp_d_btf_ls_gwc_pc_en2_
https://www.amazon.in/#
https://www.amazon.in/#
https://www.amazon.in/#
https://www.amazon.in/GOFURNISIA-Organizer-Circular-countertop-Handcrafted/dp/B0CRRT62P5/?_encoding=UTF8&pd_rd_w=gEbZN&content-id=amzn1.sym.cb8f7dd3-fe1f-4efb-96fe-04e004b18d4b&pf_rd_p=cb8f7dd3-fe1f-4efb-96fe-04e004b18d4b&pf_rd_r=CBVPD2XDTBR2P3JAKWHF&pd_rd_wg=PZkOL&pd_rd_r=4d1b6904-f2bf-425f-bb03-40d05ee3828e&ref_=pd_hp_d_btf_sah_gw_pc_en_
https://www.amazon.in/GOFURNISIA-Organizer-Circular-countertop-Handcrafted/dp/B0CRRT62P5/?_encoding=UTF8&pd_rd_w=gEbZN&content-id=amzn1.sym.cb8f7dd3-fe1f-4efb-96fe-04e004b18d4b&pf_rd_p=cb8f7dd3-fe1f-4efb-96fe-04e004b18d4b&pf_rd_r=CBVPD2XDTBR2P3JAKWHF&pd_rd_wg=PZkOL&pd_rd_r=4d1b6904-f2bf-425f-bb03-40d05ee3828e&ref_=pd_hp_d_btf_sah_gw_pc_en_
https://www.amazon.in/GOFURNISIA-Organizer-Circular-countertop-Handcrafted/dp/B0CRRT62P5/?_encoding=UTF8&pd_rd_w=gEbZN&content-id=amzn1.sym.cb8f7dd3-fe1f-4efb-96fe-04e004b18d4b&pf_rd_p=cb8f7dd3-fe1f-4efb-96fe-04e004b18d4b&pf_rd_r=CBVPD2XDTBR2P3JAKWHF&pd_rd_wg=PZkOL&pd_rd_r=4d1b6904-f2bf-425f-bb03-40d05ee3828e&ref_=pd_hp_d_btf_sah_gw_pc_en_
https://www.amazon.in/GOFURNISIA-Organizer-Circular-countertop-Handcrafted/dp/B0CRRT62P5/?_encoding=UTF8&pd_rd_w=gEbZN&content-id=amzn1.sym.cb8f7dd3-fe1f-4efb-96fe-04e004b18d4b&pf_rd_p=cb8f7dd3-fe1f-4efb-96fe-04e004b18d4b&pf_rd_r=CBVPD2XDTBR2P3JAKWHF&pd_rd_wg=PZkOL&pd_rd_r=4d1b6904-f2bf-425f-bb03-40d05ee3828e&ref_=pd_hp_d_btf_sah_gw_pc_en_
https://www.amazon.in/GOFURNISIA-Organizer-Circular-countertop-Handcrafted/dp/B0CRRT62P5/?_encoding=UTF8&pd_rd_w=gEbZN&content-id=amzn1.sym.cb8f7dd3-fe1f-4efb-96fe-04e004b18d4b&pf_rd_p=cb8f7dd3-fe1f-4efb-96fe-04e004b18d4b&pf_rd_r=CBVPD2XDTBR2P3JAKWHF&pd_rd_wg=PZkOL&pd_rd_r=4d1b6904-f2bf-425f-bb03-40d05ee3828e&ref_=pd_hp_d_btf_sah_gw_pc_en_
https://www.amazon.in/GOFURNISIA-Organizer-Circular-countertop-Handcrafted/dp/B0CRRT62P5/?_encoding=UTF8&pd_rd_w=gEbZN&content-id=amzn1.sym.cb8f7dd3-fe1f-4efb-96fe-04e004b18d4b&pf_rd_p=cb8f7dd3-fe1f-4efb-96fe-04e004b18d4b&pf_rd_r=CBVPD2XDTBR2P3JAKWHF&pd_rd_wg=PZkOL&pd_rd_r=4d1b6904-f2bf-425f-bb03-40d05ee3828e&ref_=pd_hp_d_btf_sah_gw_pc_en_
https://www.amazon.in/#
https://www.amazon.in/GOFURNISIA-Organizer-Circular-countertop-Handcrafted/dp/B0CRRT62P5/?_encoding=UTF8&pd_rd_w=gEbZN&content-id=amzn1.sym.cb8f7dd3-fe1f-4efb-96fe-04e004b18d4b&pf_rd_p=cb8f7dd3-fe1f-4efb-96fe-04e004b18d4b&pf_rd_r=CBVPD2XDTBR2P3JAKWHF&pd_rd_wg=PZkOL&pd_rd_r=4d1b6904-f2bf-425f-bb03-40d05ee3828e&ref_=pd_hp_d_btf_sah_gw_pc_en_
https://www.amazon.in/FUNDAY-FASHION-Printed-Oversized-T-Shirt/dp/B0B1VK7Q12/?_encoding=UTF8&pd_rd_w=CoIDL&content-id=amzn1.sym.6a567e3d-fd9a-4932-aa05-d0107e1bcce7&pf_rd_p=6a567e3d-fd9a-4932-aa05-d0107e1bcce7&pf_rd_r=CBVPD2XDTBR2P3JAKWHF&pd_rd_wg=PZkOL&pd_rd_r=4d1b6904-f2bf-425f-bb03-40d05ee3828e&ref_=pd_hp_d_btf_a2i_gw_cml
https://www.amazon.in/Allen-Solly-Regular-T-Shirt-ASKPQRGF701338_Medium/dp/B08KTVFFHF/?_encoding=UTF8&pd_rd_w=CoIDL&content-id=amzn1.sym.6a567e3d-fd9a-4932-aa05-d0107e1bcce7&pf_rd_p=6a567e3d-fd9a-4932-aa05-d0107e1bcce7&pf_rd_r=CBVPD2XDTBR2P3JAKWHF&pd_rd_wg=PZkOL&pd_rd_r=4d1b6904-f2bf-425f-bb03-40d05ee3828e&ref_=pd_hp_d_btf_a2i_gw_cml
https://www.amazon.in/Campus-Womens-Raise-Running-BABYPINK/dp/B0BHGQ8889/?_encoding=UTF8&pd_rd_w=CoIDL&content-id=amzn1.sym.6a567e3d-fd9a-4932-aa05-d0107e1bcce7&pf_rd_p=6a567e3d-fd9a-4932-aa05-d0107e1bcce7&pf_rd_r=CBVPD2XDTBR2P3JAKWHF&pd_rd_wg=PZkOL&pd_rd_r=4d1b6904-f2bf-425f-bb03-40d05ee3828e&ref_=pd_hp_d_btf_a2i_gw_cml
https://www.amazon.in/HTC-Instrument-LX-Luxmeter-Up/dp/B013YPMMGM/?_encoding=UTF8&pd_rd_w=CoIDL&content-id=amzn1.sym.6a567e3d-fd9a-4932-aa05-d0107e1bcce7&pf_rd_p=6a567e3d-fd9a-4932-aa05-d0107e1bcce7&pf_rd_r=CBVPD2XDTBR2P3JAKWHF&pd_rd_wg=PZkOL&pd_rd_r=4d1b6904-f2bf-425f-bb03-40d05ee3828e&ref_=pd_hp_d_btf_a2i_gw_cml
https://www.amazon.in/s/?_encoding=UTF8&node=50916365031&pd_rd_w=CoIDL&content-id=amzn1.sym.6a567e3d-fd9a-4932-aa05-d0107e1bcce7&pf_rd_p=6a567e3d-fd9a-4932-aa05-d0107e1bcce7&pf_rd_r=CBVPD2XDTBR2P3JAKWHF&pd_rd_wg=PZkOL&pd_rd_r=4d1b6904-f2bf-425f-bb03-40d05ee3828e&ref_=pd_hp_d_btf_a2i_gw_cml
https://www.amazon.in/Lifelong-Dumbbells-Equipment-Exercise-Warranty/dp/B09W5PSTBP/?_encoding=UTF8&pd_rd_w=lOyLi&content-id=amzn1.sym.211684f4-ebe1-443f-8a4a-0773471e979f&pf_rd_p=211684f4-ebe1-443f-8a4a-0773471e979f&pf_rd_r=CBVPD2XDTBR2P3JAKWHF&pd_rd_wg=PZkOL&pd_rd_r=4d1b6904-f2bf-425f-bb03-40d05ee3828e&ref_=pd_hp_d_btf_crs_zg_bs_1984443031
https://www.amazon.in/Fitness-Mantra%C2%AE-Winter-Woolen-Muffler/dp/B0CQ7VNMJY/?_encoding=UTF8&pd_rd_w=lOyLi&content-id=amzn1.sym.211684f4-ebe1-443f-8a4a-0773471e979f&pf_rd_p=211684f4-ebe1-443f-8a4a-0773471e979f&pf_rd_r=CBVPD2XDTBR2P3JAKWHF&pd_rd_wg=PZkOL&pd_rd_r=4d1b6904-f2bf-425f-bb03-40d05ee3828e&ref_=pd_hp_d_btf_crs_zg_bs_1984443031
https://www.amazon.in/Fitness-Mantra%C2%AE-Winter-Muffler-Multicolor/dp/B0D9PG5C9J/?_encoding=UTF8&pd_rd_w=lOyLi&content-id=amzn1.sym.211684f4-ebe1-443f-8a4a-0773471e979f&pf_rd_p=211684f4-ebe1-443f-8a4a-0773471e979f&pf_rd_r=CBVPD2XDTBR2P3JAKWHF&pd_rd_wg=PZkOL&pd_rd_r=4d1b6904-f2bf-425f-bb03-40d05ee3828e&ref_=pd_hp_d_btf_crs_zg_bs_1984443031
https://www.amazon.in/Boldfit-Adjustable-Strengthener-Exercise-Equipment/dp/B0B77X44MX/?_encoding=UTF8&pd_rd_w=lOyLi&content-id=amzn1.sym.211684f4-ebe1-443f-8a4a-0773471e979f&pf_rd_p=211684f4-ebe1-443f-8a4a-0773471e979f&pf_rd_r=CBVPD2XDTBR2P3JAKWHF&pd_rd_wg=PZkOL&pd_rd_r=4d1b6904-f2bf-425f-bb03-40d05ee3828e&ref_=pd_hp_d_btf_crs_zg_bs_1984443031
https://www.amazon.in/Lifelong-Dumbbells-Equipment-Exercise-Warranty/dp/B09W5PSTBP/?_encoding=UTF8&pd_rd_w=lOyLi&content-id=amzn1.sym.211684f4-ebe1-443f-8a4a-0773471e979f&pf_rd_p=211684f4-ebe1-443f-8a4a-0773471e979f&pf_rd_r=CBVPD2XDTBR2P3JAKWHF&pd_rd_wg=PZkOL&pd_rd_r=4d1b6904-f2bf-425f-bb03-40d05ee3828e&ref_=pd_hp_d_btf_crs_zg_bs_1984443031
https://www.amazon.in/Fitness-Mantra%C2%AE-Winter-Woolen-Muffler/dp/B0CQ7VNMJY/?_encoding=UTF8&pd_rd_w=lOyLi&content-id=amzn1.sym.211684f4-ebe1-443f-8a4a-0773471e979f&pf_rd_p=211684f4-ebe1-443f-8a4a-0773471e979f&pf_rd_r=CBVPD2XDTBR2P3JAKWHF&pd_rd_wg=PZkOL&pd_rd_r=4d1b6904-f2bf-425f-bb03-40d05ee3828e&ref_=pd_hp_d_btf_crs_zg_bs_1984443031
https://www.amazon.in/Fitness-Mantra%C2%AE-Winter-Muffler-Multicolor/dp/B0D9PG5C9J/?_encoding=UTF8&pd_rd_w=lOyLi&content-id=amzn1.sym.211684f4-ebe1-443f-8a4a-0773471e979f&pf_rd_p=211684f4-ebe1-443f-8a4a-0773471e979f&pf_rd_r=CBVPD2XDTBR2P3JAKWHF&pd_rd_wg=PZkOL&pd_rd_r=4d1b6904-f2bf-425f-bb03-40d05ee3828e&ref_=pd_hp_d_btf_crs_zg_bs_1984443031
https://www.amazon.in/Boldfit-Adjustable-Strengthener-Exercise-Equipment/dp/B0B77X44MX/?_encoding=UTF8&pd_rd_w=lOyLi&content-id=amzn1.sym.211684f4-ebe1-443f-8a4a-0773471e979f&pf_rd_p=211684f4-ebe1-443f-8a4a-0773471e979f&pf_rd_r=CBVPD2XDTBR2P3JAKWHF&pd_rd_wg=PZkOL&pd_rd_r=4d1b6904-f2bf-425f-bb03-40d05ee3828e&ref_=pd_hp_d_btf_crs_zg_bs_1984443031
https://www.amazon.in/b/ref=app_gw_feb20/?_encoding=UTF8&ie=UTF8&node=14907969031&pd_rd_w=wInIb&content-id=amzn1.sym.5ec18a6c-91a1-47d0-8f30-b0402b448a76&pf_rd_p=5ec18a6c-91a1-47d0-8f30-b0402b448a76&pf_rd_r=CBVPD2XDTBR2P3JAKWHF&pd_rd_wg=PZkOL&pd_rd_r=4d1b6904-f2bf-425f-bb03-40d05ee3828e&ref_=pd_hp_d_btf_unk
https://www.amazon.in/b/ref=luggage_gw_feb20/?_encoding=UTF8&node=20472969031&pd_rd_w=wInIb&content-id=amzn1.sym.5ec18a6c-91a1-47d0-8f30-b0402b448a76&pf_rd_p=5ec18a6c-91a1-47d0-8f30-b0402b448a76&pf_rd_r=CBVPD2XDTBR2P3JAKWHF&pd_rd_wg=PZkOL&pd_rd_r=4d1b6904-f2bf-425f-bb03-40d05ee3828e&ref_=pd_hp_d_btf_unk
https://www.amazon.in/b/ref=ssh_gw_feb20/?_encoding=UTF8&ie=UTF8&node=14311960031&pd_rd_w=wInIb&content-id=amzn1.sym.5ec18a6c-91a1-47d0-8f30-b0402b448a76&pf_rd_p=5ec18a6c-91a1-47d0-8f30-b0402b448a76&pf_rd_r=CBVPD2XDTBR2P3JAKWHF&pd_rd_wg=PZkOL&pd_rd_r=4d1b6904-f2bf-425f-bb03-40d05ee3828e&ref_=pd_hp_d_btf_unk
https://www.amazon.in/b/?_encoding=UTF8&node=15124949031&pd_rd_w=wInIb&content-id=amzn1.sym.5ec18a6c-91a1-47d0-8f30-b0402b448a76&pf_rd_p=5ec18a6c-91a1-47d0-8f30-b0402b448a76&pf_rd_r=CBVPD2XDTBR2P3JAKWHF&pd_rd_wg=PZkOL&pd_rd_r=4d1b6904-f2bf-425f-bb03-40d05ee3828e&ref_=pd_hp_d_btf_unk
https://www.amazon.in/b/?_encoding=UTF8&node=6648217031&pd_rd_w=wInIb&content-id=amzn1.sym.5ec18a6c-91a1-47d0-8f30-b0402b448a76&pf_rd_p=5ec18a6c-91a1-47d0-8f30-b0402b448a76&pf_rd_r=CBVPD2XDTBR2P3JAKWHF&pd_rd_wg=PZkOL&pd_rd_r=4d1b6904-f2bf-425f-bb03-40d05ee3828e&ref_=pd_hp_d_btf_unk
https://www.amazon.in/Fitness-Mantra%C2%AE-Beanie-Muffler-Woolen/dp/B0CQPBKLGZ/?_encoding=UTF8&pd_rd_w=CMcQO&content-id=amzn1.sym.211684f4-ebe1-443f-8a4a-0773471e979f&pf_rd_p=211684f4-ebe1-443f-8a4a-0773471e979f&pf_rd_r=CBVPD2XDTBR2P3JAKWHF&pd_rd_wg=PZkOL&pd_rd_r=4d1b6904-f2bf-425f-bb03-40d05ee3828e&ref_=pd_hp_d_btf_crs_zg_bs_1571271031
https://www.amazon.in/SJEWARE-Pairs-Solid-Ankle-Multicolor/dp/B0BZVZYXV5/?_encoding=UTF8&pd_rd_w=CMcQO&content-id=amzn1.sym.211684f4-ebe1-443f-8a4a-0773471e979f&pf_rd_p=211684f4-ebe1-443f-8a4a-0773471e979f&pf_rd_r=CBVPD2XDTBR2P3JAKWHF&pd_rd_wg=PZkOL&pd_rd_r=4d1b6904-f2bf-425f-bb03-40d05ee3828e&ref_=pd_hp_d_btf_crs_zg_bs_1571271031
https://www.amazon.in/Alan-Jones-Clothing-Sweatshirt-Lavender/dp/B0CB1GVM4B/?_encoding=UTF8&pd_rd_w=CMcQO&content-id=amzn1.sym.211684f4-ebe1-443f-8a4a-0773471e979f&pf_rd_p=211684f4-ebe1-443f-8a4a-0773471e979f&pf_rd_r=CBVPD2XDTBR2P3JAKWHF&pd_rd_wg=PZkOL&pd_rd_r=4d1b6904-f2bf-425f-bb03-40d05ee3828e&ref_=pd_hp_d_btf_crs_zg_bs_1571271031
https://www.amazon.in/BLINKIN-Velvet-Touch-Thermal-Tights/dp/B0DF2WPXV2/?_encoding=UTF8&pd_rd_w=CMcQO&content-id=amzn1.sym.211684f4-ebe1-443f-8a4a-0773471e979f&pf_rd_p=211684f4-ebe1-443f-8a4a-0773471e979f&pf_rd_r=CBVPD2XDTBR2P3JAKWHF&pd_rd_wg=PZkOL&pd_rd_r=4d1b6904-f2bf-425f-bb03-40d05ee3828e&ref_=pd_hp_d_btf_crs_zg_bs_1571271031
https://www.amazon.in/Boldfit-Winter-Clothing-Mufflers-Clothes/dp/B0BLK1F584/?_encoding=UTF8&pd_rd_w=CMcQO&content-id=amzn1.sym.211684f4-ebe1-443f-8a4a-0773471e979f&pf_rd_p=211684f4-ebe1-443f-8a4a-0773471e979f&pf_rd_r=CBVPD2XDTBR2P3JAKWHF&pd_rd_wg=PZkOL&pd_rd_r=4d1b6904-f2bf-425f-bb03-40d05ee3828e&ref_=pd_hp_d_btf_crs_zg_bs_1571271031
https://www.amazon.in/Fitness-Mantra%C2%AE-Winter-Muffler-Beanie/dp/B0D9PG6CQT/?_encoding=UTF8&pd_rd_w=CMcQO&content-id=amzn1.sym.211684f4-ebe1-443f-8a4a-0773471e979f&pf_rd_p=211684f4-ebe1-443f-8a4a-0773471e979f&pf_rd_r=CBVPD2XDTBR2P3JAKWHF&pd_rd_wg=PZkOL&pd_rd_r=4d1b6904-f2bf-425f-bb03-40d05ee3828e&ref_=pd_hp_d_btf_crs_zg_bs_1571271031
https://www.amazon.in/Allen-Solly-Sweatshirt-ASSTORGPX52409XL_Navy-19-3810/dp/B07DPTKK29/?_encoding=UTF8&pd_rd_w=CMcQO&content-id=amzn1.sym.211684f4-ebe1-443f-8a4a-0773471e979f&pf_rd_p=211684f4-ebe1-443f-8a4a-0773471e979f&pf_rd_r=CBVPD2XDTBR2P3JAKWHF&pd_rd_wg=PZkOL&pd_rd_r=4d1b6904-f2bf-425f-bb03-40d05ee3828e&ref_=pd_hp_d_btf_crs_zg_bs_1571271031
https://www.amazon.in/GoSriKi-Anarkali-Printed-Dupatta-Yellow-GS_L_Yellow_Large/dp/B0DD75GDSL/?_encoding=UTF8&pd_rd_w=CMcQO&content-id=amzn1.sym.211684f4-ebe1-443f-8a4a-0773471e979f&pf_rd_p=211684f4-ebe1-443f-8a4a-0773471e979f&pf_rd_r=CBVPD2XDTBR2P3JAKWHF&pd_rd_wg=PZkOL&pd_rd_r=4d1b6904-f2bf-425f-bb03-40d05ee3828e&ref_=pd_hp_d_btf_crs_zg_bs_1571271031
https://www.amazon.in/Pivl-Design-Casual-Sweater-Cardigan/dp/B08R8FWTVV/?_encoding=UTF8&pd_rd_w=CMcQO&content-id=amzn1.sym.211684f4-ebe1-443f-8a4a-0773471e979f&pf_rd_p=211684f4-ebe1-443f-8a4a-0773471e979f&pf_rd_r=CBVPD2XDTBR2P3JAKWHF&pd_rd_wg=PZkOL&pd_rd_r=4d1b6904-f2bf-425f-bb03-40d05ee3828e&ref_=pd_hp_d_btf_crs_zg_bs_1571271031
https://www.amazon.in/Allen-Solly-Sweatshirt-ASSTORGPM88973L_Maroon-19-1726/dp/B07DPV9NRP/?_encoding=UTF8&pd_rd_w=CMcQO&content-id=amzn1.sym.211684f4-ebe1-443f-8a4a-0773471e979f&pf_rd_p=211684f4-ebe1-443f-8a4a-0773471e979f&pf_rd_r=CBVPD2XDTBR2P3JAKWHF&pd_rd_wg=PZkOL&pd_rd_r=4d1b6904-f2bf-425f-bb03-40d05ee3828e&ref_=pd_hp_d_btf_crs_zg_bs_1571271031
https://www.amazon.in/Fitness-Mantra%C2%AE-Winter-Woolen-Muffler/dp/B0CQ7VNMJY/?_encoding=UTF8&pd_rd_w=CMcQO&content-id=amzn1.sym.211684f4-ebe1-443f-8a4a-0773471e979f&pf_rd_p=211684f4-ebe1-443f-8a4a-0773471e979f&pf_rd_r=CBVPD2XDTBR2P3JAKWHF&pd_rd_wg=PZkOL&pd_rd_r=4d1b6904-f2bf-425f-bb03-40d05ee3828e&ref_=pd_hp_d_btf_crs_zg_bs_1571271031
https://www.amazon.in/Boldfit-Gloves-Winter-Knitted-Thermal/dp/B0CK5MSYNT/?_encoding=UTF8&pd_rd_w=CMcQO&content-id=amzn1.sym.211684f4-ebe1-443f-8a4a-0773471e979f&pf_rd_p=211684f4-ebe1-443f-8a4a-0773471e979f&pf_rd_r=CBVPD2XDTBR2P3JAKWHF&pd_rd_wg=PZkOL&pd_rd_r=4d1b6904-f2bf-425f-bb03-40d05ee3828e&ref_=pd_hp_d_btf_crs_zg_bs_1571271031
https://www.amazon.in/ARKYLE-Length-Cotton-Socks-ARK-F-S1-4pk_Multicolour/dp/B07RSL1R5N/?_encoding=UTF8&pd_rd_w=CMcQO&content-id=amzn1.sym.211684f4-ebe1-443f-8a4a-0773471e979f&pf_rd_p=211684f4-ebe1-443f-8a4a-0773471e979f&pf_rd_r=CBVPD2XDTBR2P3JAKWHF&pd_rd_wg=PZkOL&pd_rd_r=4d1b6904-f2bf-425f-bb03-40d05ee3828e&ref_=pd_hp_d_btf_crs_zg_bs_1571271031
https://www.amazon.in/COOFANDY-Clothing-Strength-Invisible-Transparent/dp/B0CVS24M1V/?_encoding=UTF8&pd_rd_w=CMcQO&content-id=amzn1.sym.211684f4-ebe1-443f-8a4a-0773471e979f&pf_rd_p=211684f4-ebe1-443f-8a4a-0773471e979f&pf_rd_r=CBVPD2XDTBR2P3JAKWHF&pd_rd_wg=PZkOL&pd_rd_r=4d1b6904-f2bf-425f-bb03-40d05ee3828e&ref_=pd_hp_d_btf_crs_zg_bs_1571271031
https://www.amazon.in/GoSriKi-Bandhani-Printed-Straight-TURAE-RED-GS_XL_Red_X-Large/dp/B0D1CQPWZ8/?_encoding=UTF8&pd_rd_w=CMcQO&content-id=amzn1.sym.211684f4-ebe1-443f-8a4a-0773471e979f&pf_rd_p=211684f4-ebe1-443f-8a4a-0773471e979f&pf_rd_r=CBVPD2XDTBR2P3JAKWHF&pd_rd_wg=PZkOL&pd_rd_r=4d1b6904-f2bf-425f-bb03-40d05ee3828e&ref_=pd_hp_d_btf_crs_zg_bs_1571271031
https://www.amazon.in/PROSHARX-Quarter-ZipFlex-Sweatshirt-Fleece/dp/B0DL38NYNP/?_encoding=UTF8&pd_rd_w=CMcQO&content-id=amzn1.sym.211684f4-ebe1-443f-8a4a-0773471e979f&pf_rd_p=211684f4-ebe1-443f-8a4a-0773471e979f&pf_rd_r=CBVPD2XDTBR2P3JAKWHF&pd_rd_wg=PZkOL&pd_rd_r=4d1b6904-f2bf-425f-bb03-40d05ee3828e&ref_=pd_hp_d_btf_crs_zg_bs_1571271031
https://www.amazon.in/Alan-Jones-Clothing-Sweatshirt-SS-401-BLACK-L_Large_Black/dp/B01LXGXURD/?_encoding=UTF8&pd_rd_w=CMcQO&content-id=amzn1.sym.211684f4-ebe1-443f-8a4a-0773471e979f&pf_rd_p=211684f4-ebe1-443f-8a4a-0773471e979f&pf_rd_r=CBVPD2XDTBR2P3JAKWHF&pd_rd_wg=PZkOL&pd_rd_r=4d1b6904-f2bf-425f-bb03-40d05ee3828e&ref_=pd_hp_d_btf_crs_zg_bs_1571271031
https://www.amazon.in/Scott-International-SS20-3RN-BU-GR-CH-L_Navy-Charcoal-Grey_Large/dp/B084L9DK9H/?_encoding=UTF8&pd_rd_w=CMcQO&content-id=amzn1.sym.211684f4-ebe1-443f-8a4a-0773471e979f&pf_rd_p=211684f4-ebe1-443f-8a4a-0773471e979f&pf_rd_r=CBVPD2XDTBR2P3JAKWHF&pd_rd_wg=PZkOL&pd_rd_r=4d1b6904-f2bf-425f-bb03-40d05ee3828e&ref_=pd_hp_d_btf_crs_zg_bs_1571271031
https://www.amazon.in/Fitness-Mantra%C2%AE-Winter-Muffler-Multicolor/dp/B0D9PG5C9J/?_encoding=UTF8&pd_rd_w=CMcQO&content-id=amzn1.sym.211684f4-ebe1-443f-8a4a-0773471e979f&pf_rd_p=211684f4-ebe1-443f-8a4a-0773471e979f&pf_rd_r=CBVPD2XDTBR2P3JAKWHF&pd_rd_wg=PZkOL&pd_rd_r=4d1b6904-f2bf-425f-bb03-40d05ee3828e&ref_=pd_hp_d_btf_crs_zg_bs_1571271031
https://www.amazon.in/Real-Basics-Cotton-Fleece-Clothing/dp/B0BGH13RPR/?_encoding=UTF8&pd_rd_w=CMcQO&content-id=amzn1.sym.211684f4-ebe1-443f-8a4a-0773471e979f&pf_rd_p=211684f4-ebe1-443f-8a4a-0773471e979f&pf_rd_r=CBVPD2XDTBR2P3JAKWHF&pd_rd_wg=PZkOL&pd_rd_r=4d1b6904-f2bf-425f-bb03-40d05ee3828e&ref_=pd_hp_d_btf_crs_zg_bs_1571271031
https://www.amazon.in/Lymio-Cargo-Cotton-Cargos-Cargo-01-04/dp/B0CTQGS7KD/?_encoding=UTF8&pd_rd_w=CMcQO&content-id=amzn1.sym.211684f4-ebe1-443f-8a4a-0773471e979f&pf_rd_p=211684f4-ebe1-443f-8a4a-0773471e979f&pf_rd_r=CBVPD2XDTBR2P3JAKWHF&pd_rd_wg=PZkOL&pd_rd_r=4d1b6904-f2bf-425f-bb03-40d05ee3828e&ref_=pd_hp_d_btf_crs_zg_bs_1571271031
https://www.amazon.in/Prixelo-Winter-Thermal-Leggings-Multicolor/dp/B0DFVG37DX/?_encoding=UTF8&pd_rd_w=CMcQO&content-id=amzn1.sym.211684f4-ebe1-443f-8a4a-0773471e979f&pf_rd_p=211684f4-ebe1-443f-8a4a-0773471e979f&pf_rd_r=CBVPD2XDTBR2P3JAKWHF&pd_rd_wg=PZkOL&pd_rd_r=4d1b6904-f2bf-425f-bb03-40d05ee3828e&ref_=pd_hp_d_btf_crs_zg_bs_1571271031
https://www.amazon.in/Lymio-jackets-Lightweight-Outwear-Sportswear/dp/B0DBDNWZ14/?_encoding=UTF8&pd_rd_w=CMcQO&content-id=amzn1.sym.211684f4-ebe1-443f-8a4a-0773471e979f&pf_rd_p=211684f4-ebe1-443f-8a4a-0773471e979f&pf_rd_r=CBVPD2XDTBR2P3JAKWHF&pd_rd_wg=PZkOL&pd_rd_r=4d1b6904-f2bf-425f-bb03-40d05ee3828e&ref_=pd_hp_d_btf_crs_zg_bs_1571271031
https://www.amazon.in/Boldfit-Beanie-Woolen-Thermal-Stylish/dp/B0CK5N2WTT/?_encoding=UTF8&pd_rd_w=CMcQO&content-id=amzn1.sym.211684f4-ebe1-443f-8a4a-0773471e979f&pf_rd_p=211684f4-ebe1-443f-8a4a-0773471e979f&pf_rd_r=CBVPD2XDTBR2P3JAKWHF&pd_rd_wg=PZkOL&pd_rd_r=4d1b6904-f2bf-425f-bb03-40d05ee3828e&ref_=pd_hp_d_btf_crs_zg_bs_1571271031
https://www.amazon.in/Blinkin-Cotton-Pajama-Pockets-Color_Black/dp/B09BR5D5RX/?_encoding=UTF8&pd_rd_w=CMcQO&content-id=amzn1.sym.211684f4-ebe1-443f-8a4a-0773471e979f&pf_rd_p=211684f4-ebe1-443f-8a4a-0773471e979f&pf_rd_r=CBVPD2XDTBR2P3JAKWHF&pd_rd_wg=PZkOL&pd_rd_r=4d1b6904-f2bf-425f-bb03-40d05ee3828e&ref_=pd_hp_d_btf_crs_zg_bs_1571271031
https://www.amazon.in/Mini-Cult-Unisex-Cotton-Multicolor/dp/B07DQH67ST/?_encoding=UTF8&pd_rd_w=CMcQO&content-id=amzn1.sym.211684f4-ebe1-443f-8a4a-0773471e979f&pf_rd_p=211684f4-ebe1-443f-8a4a-0773471e979f&pf_rd_r=CBVPD2XDTBR2P3JAKWHF&pd_rd_wg=PZkOL&pd_rd_r=4d1b6904-f2bf-425f-bb03-40d05ee3828e&ref_=pd_hp_d_btf_crs_zg_bs_1571271031
https://www.amazon.in/RynoGear-Regular-Super-Stretchable-Track/dp/B0CQ4ZQ184/?_encoding=UTF8&pd_rd_w=CMcQO&content-id=amzn1.sym.211684f4-ebe1-443f-8a4a-0773471e979f&pf_rd_p=211684f4-ebe1-443f-8a4a-0773471e979f&pf_rd_r=CBVPD2XDTBR2P3JAKWHF&pd_rd_wg=PZkOL&pd_rd_r=4d1b6904-f2bf-425f-bb03-40d05ee3828e&ref_=pd_hp_d_btf_crs_zg_bs_1571271031
https://www.amazon.in/Kvetoo-Zipper-Sleeve-Woolen-Sweater/dp/B0CD2W58NW/?_encoding=UTF8&pd_rd_w=CMcQO&content-id=amzn1.sym.211684f4-ebe1-443f-8a4a-0773471e979f&pf_rd_p=211684f4-ebe1-443f-8a4a-0773471e979f&pf_rd_r=CBVPD2XDTBR2P3JAKWHF&pd_rd_wg=PZkOL&pd_rd_r=4d1b6904-f2bf-425f-bb03-40d05ee3828e&ref_=pd_hp_d_btf_crs_zg_bs_1571271031
https://www.amazon.in/#
https://www.amazon.in/#
https://www.amazon.in/l/10894223031?pd_rd_w=Qr0ru&content-id=amzn1.sym.5b196cb1-f7bb-4753-98f3-f43cd2c5c71a&pf_rd_p=5b196cb1-f7bb-4753-98f3-f43cd2c5c71a&pf_rd_r=CBVPD2XDTBR2P3JAKWHF&pd_rd_wg=PZkOL&pd_rd_r=4d1b6904-f2bf-425f-bb03-40d05ee3828e
https://www.amazon.in/Zodiac-Decanter-Shooter-Creative-SakeLiquor/dp/B0C4B5MZ39/?_encoding=UTF8&pd_rd_w=Qr0ru&content-id=amzn1.sym.5b196cb1-f7bb-4753-98f3-f43cd2c5c71a&pf_rd_p=5b196cb1-f7bb-4753-98f3-f43cd2c5c71a&pf_rd_r=CBVPD2XDTBR2P3JAKWHF&pd_rd_wg=PZkOL&pd_rd_r=4d1b6904-f2bf-425f-bb03-40d05ee3828e&ref_=pd_hp_d_btf_LPDEALS
https://www.amazon.in/TRILONIUM-Carbon-Chinese-Hammered-Pre-Seasoned/dp/B0BHNC83GB/?_encoding=UTF8&pd_rd_w=Qr0ru&content-id=amzn1.sym.5b196cb1-f7bb-4753-98f3-f43cd2c5c71a&pf_rd_p=5b196cb1-f7bb-4753-98f3-f43cd2c5c71a&pf_rd_r=CBVPD2XDTBR2P3JAKWHF&pd_rd_wg=PZkOL&pd_rd_r=4d1b6904-f2bf-425f-bb03-40d05ee3828e&ref_=pd_hp_d_btf_LPDEALS
https://www.amazon.in/Melbify-Japanese-Whiskey-Fuji-Textured/dp/B0CVQJV6G9/?_encoding=UTF8&pd_rd_w=Qr0ru&content-id=amzn1.sym.5b196cb1-f7bb-4753-98f3-f43cd2c5c71a&pf_rd_p=5b196cb1-f7bb-4753-98f3-f43cd2c5c71a&pf_rd_r=CBVPD2XDTBR2P3JAKWHF&pd_rd_wg=PZkOL&pd_rd_r=4d1b6904-f2bf-425f-bb03-40d05ee3828e&ref_=pd_hp_d_btf_LPDEALS
https://www.amazon.in/ECO-SOUL-Compostable-Biodegradable-Eco-friendly/dp/B08MYJKQ2N/?_encoding=UTF8&pd_rd_w=Qr0ru&content-id=amzn1.sym.5b196cb1-f7bb-4753-98f3-f43cd2c5c71a&pf_rd_p=5b196cb1-f7bb-4753-98f3-f43cd2c5c71a&pf_rd_r=CBVPD2XDTBR2P3JAKWHF&pd_rd_wg=PZkOL&pd_rd_r=4d1b6904-f2bf-425f-bb03-40d05ee3828e&ref_=pd_hp_d_btf_LPDEALS
https://www.amazon.in/YELONA-Multipurpose-Kitchen-Set-Stripper/dp/B0C9HXDBC6/?_encoding=UTF8&pd_rd_w=Qr0ru&content-id=amzn1.sym.5b196cb1-f7bb-4753-98f3-f43cd2c5c71a&pf_rd_p=5b196cb1-f7bb-4753-98f3-f43cd2c5c71a&pf_rd_r=CBVPD2XDTBR2P3JAKWHF&pd_rd_wg=PZkOL&pd_rd_r=4d1b6904-f2bf-425f-bb03-40d05ee3828e&ref_=pd_hp_d_btf_LPDEALS
https://www.amazon.in/Probott-Mount-Stainless-Insulated-Camping/dp/B0CYLMWXHP/?_encoding=UTF8&pd_rd_w=Qr0ru&content-id=amzn1.sym.5b196cb1-f7bb-4753-98f3-f43cd2c5c71a&pf_rd_p=5b196cb1-f7bb-4753-98f3-f43cd2c5c71a&pf_rd_r=CBVPD2XDTBR2P3JAKWHF&pd_rd_wg=PZkOL&pd_rd_r=4d1b6904-f2bf-425f-bb03-40d05ee3828e&ref_=pd_hp_d_btf_LPDEALS
https://www.amazon.in/YELONA-Titanium-Stainless-Flatware-Tableware/dp/B0BN6B76DK/?_encoding=UTF8&pd_rd_w=Qr0ru&content-id=amzn1.sym.5b196cb1-f7bb-4753-98f3-f43cd2c5c71a&pf_rd_p=5b196cb1-f7bb-4753-98f3-f43cd2c5c71a&pf_rd_r=CBVPD2XDTBR2P3JAKWHF&pd_rd_wg=PZkOL&pd_rd_r=4d1b6904-f2bf-425f-bb03-40d05ee3828e&ref_=pd_hp_d_btf_LPDEALS
https://www.amazon.in/Melbify-Whiskey-Embedded-Suitable-Restaurants/dp/B0C4XWV2BC/?_encoding=UTF8&pd_rd_w=Qr0ru&content-id=amzn1.sym.5b196cb1-f7bb-4753-98f3-f43cd2c5c71a&pf_rd_p=5b196cb1-f7bb-4753-98f3-f43cd2c5c71a&pf_rd_r=CBVPD2XDTBR2P3JAKWHF&pd_rd_wg=PZkOL&pd_rd_r=4d1b6904-f2bf-425f-bb03-40d05ee3828e&ref_=pd_hp_d_btf_LPDEALS
https://www.amazon.in/ECO-SOUL-Utensils-Non-Stick-Certified/dp/B0BN87GM7V/?_encoding=UTF8&pd_rd_w=Qr0ru&content-id=amzn1.sym.5b196cb1-f7bb-4753-98f3-f43cd2c5c71a&pf_rd_p=5b196cb1-f7bb-4753-98f3-f43cd2c5c71a&pf_rd_r=CBVPD2XDTBR2P3JAKWHF&pd_rd_wg=PZkOL&pd_rd_r=4d1b6904-f2bf-425f-bb03-40d05ee3828e&ref_=pd_hp_d_btf_LPDEALS
https://www.amazon.in/Probott-Stainless-Leakproof-Kitchen-Treking/dp/B07WGFBD87/?_encoding=UTF8&pd_rd_w=Qr0ru&content-id=amzn1.sym.5b196cb1-f7bb-4753-98f3-f43cd2c5c71a&pf_rd_p=5b196cb1-f7bb-4753-98f3-f43cd2c5c71a&pf_rd_r=CBVPD2XDTBR2P3JAKWHF&pd_rd_wg=PZkOL&pd_rd_r=4d1b6904-f2bf-425f-bb03-40d05ee3828e&ref_=pd_hp_d_btf_LPDEALS
https://www.amazon.in/ECO-SOUL-Disposable-Flatware-Birthday/dp/B0CDWJJ8CK/?_encoding=UTF8&pd_rd_w=Qr0ru&content-id=amzn1.sym.5b196cb1-f7bb-4753-98f3-f43cd2c5c71a&pf_rd_p=5b196cb1-f7bb-4753-98f3-f43cd2c5c71a&pf_rd_r=CBVPD2XDTBR2P3JAKWHF&pd_rd_wg=PZkOL&pd_rd_r=4d1b6904-f2bf-425f-bb03-40d05ee3828e&ref_=pd_hp_d_btf_LPDEALS
https://www.amazon.in/ECO-SOUL-Disposable-Eco-Friendly-Biodegradable/dp/B0C6K3B8FR/?_encoding=UTF8&pd_rd_w=Qr0ru&content-id=amzn1.sym.5b196cb1-f7bb-4753-98f3-f43cd2c5c71a&pf_rd_p=5b196cb1-f7bb-4753-98f3-f43cd2c5c71a&pf_rd_r=CBVPD2XDTBR2P3JAKWHF&pd_rd_wg=PZkOL&pd_rd_r=4d1b6904-f2bf-425f-bb03-40d05ee3828e&ref_=pd_hp_d_btf_LPDEALS
https://www.amazon.in/YELONA%C2%AE-Pump-Automatic-Fuel-Transfer/dp/B0BBJWQLHL/?_encoding=UTF8&pd_rd_w=Qr0ru&content-id=amzn1.sym.5b196cb1-f7bb-4753-98f3-f43cd2c5c71a&pf_rd_p=5b196cb1-f7bb-4753-98f3-f43cd2c5c71a&pf_rd_r=CBVPD2XDTBR2P3JAKWHF&pd_rd_wg=PZkOL&pd_rd_r=4d1b6904-f2bf-425f-bb03-40d05ee3828e&ref_=pd_hp_d_btf_LPDEALS
https://www.amazon.in/YELONA-Stainless-Dinnerware-Flatware-Reusable/dp/B0BMQK26M9/?_encoding=UTF8&pd_rd_w=Qr0ru&content-id=amzn1.sym.5b196cb1-f7bb-4753-98f3-f43cd2c5c71a&pf_rd_p=5b196cb1-f7bb-4753-98f3-f43cd2c5c71a&pf_rd_r=CBVPD2XDTBR2P3JAKWHF&pd_rd_wg=PZkOL&pd_rd_r=4d1b6904-f2bf-425f-bb03-40d05ee3828e&ref_=pd_hp_d_btf_LPDEALS
https://www.amazon.in/Melbiflask-Thermos-Flask-storage-Insulated/dp/B0CSSVXS8G/?_encoding=UTF8&pd_rd_w=Qr0ru&content-id=amzn1.sym.5b196cb1-f7bb-4753-98f3-f43cd2c5c71a&pf_rd_p=5b196cb1-f7bb-4753-98f3-f43cd2c5c71a&pf_rd_r=CBVPD2XDTBR2P3JAKWHF&pd_rd_wg=PZkOL&pd_rd_r=4d1b6904-f2bf-425f-bb03-40d05ee3828e&ref_=pd_hp_d_btf_LPDEALS
https://www.amazon.in/Melbify-Premium-Diamond-Cut-Textured/dp/B0CVH5M3M5/?_encoding=UTF8&pd_rd_w=Qr0ru&content-id=amzn1.sym.5b196cb1-f7bb-4753-98f3-f43cd2c5c71a&pf_rd_p=5b196cb1-f7bb-4753-98f3-f43cd2c5c71a&pf_rd_r=CBVPD2XDTBR2P3JAKWHF&pd_rd_wg=PZkOL&pd_rd_r=4d1b6904-f2bf-425f-bb03-40d05ee3828e&ref_=pd_hp_d_btf_LPDEALS
https://www.amazon.in/YELONA-Portable-Insulated-Container-Stackable/dp/B0CB91QNTD/?_encoding=UTF8&pd_rd_w=Qr0ru&content-id=amzn1.sym.5b196cb1-f7bb-4753-98f3-f43cd2c5c71a&pf_rd_p=5b196cb1-f7bb-4753-98f3-f43cd2c5c71a&pf_rd_r=CBVPD2XDTBR2P3JAKWHF&pd_rd_wg=PZkOL&pd_rd_r=4d1b6904-f2bf-425f-bb03-40d05ee3828e&ref_=pd_hp_d_btf_LPDEALS
https://www.amazon.in/YELONA%C2%AE-Liquid-Fuel-Transfer-Portable/dp/B0B2N11KWS/?_encoding=UTF8&pd_rd_w=Qr0ru&content-id=amzn1.sym.5b196cb1-f7bb-4753-98f3-f43cd2c5c71a&pf_rd_p=5b196cb1-f7bb-4753-98f3-f43cd2c5c71a&pf_rd_r=CBVPD2XDTBR2P3JAKWHF&pd_rd_wg=PZkOL&pd_rd_r=4d1b6904-f2bf-425f-bb03-40d05ee3828e&ref_=pd_hp_d_btf_LPDEALS
https://www.amazon.in/TRILONIUM-Tadka-Pre-Seasoned-Depth-Weight/dp/B0BHDNRH6M/?_encoding=UTF8&pd_rd_w=Qr0ru&content-id=amzn1.sym.5b196cb1-f7bb-4753-98f3-f43cd2c5c71a&pf_rd_p=5b196cb1-f7bb-4753-98f3-f43cd2c5c71a&pf_rd_r=CBVPD2XDTBR2P3JAKWHF&pd_rd_wg=PZkOL&pd_rd_r=4d1b6904-f2bf-425f-bb03-40d05ee3828e&ref_=pd_hp_d_btf_LPDEALS
https://www.amazon.in/Melbiflask-Thermos-Flask-storage-Insulated/dp/B0CST3JDD7/?_encoding=UTF8&pd_rd_w=Qr0ru&content-id=amzn1.sym.5b196cb1-f7bb-4753-98f3-f43cd2c5c71a&pf_rd_p=5b196cb1-f7bb-4753-98f3-f43cd2c5c71a&pf_rd_r=CBVPD2XDTBR2P3JAKWHF&pd_rd_wg=PZkOL&pd_rd_r=4d1b6904-f2bf-425f-bb03-40d05ee3828e&ref_=pd_hp_d_btf_LPDEALS
https://www.amazon.in/daiDokoro-Insulated-Container-Thermal-Students/dp/B0CXY8Y9RF/?_encoding=UTF8&pd_rd_w=Qr0ru&content-id=amzn1.sym.5b196cb1-f7bb-4753-98f3-f43cd2c5c71a&pf_rd_p=5b196cb1-f7bb-4753-98f3-f43cd2c5c71a&pf_rd_r=CBVPD2XDTBR2P3JAKWHF&pd_rd_wg=PZkOL&pd_rd_r=4d1b6904-f2bf-425f-bb03-40d05ee3828e&ref_=pd_hp_d_btf_LPDEALS
https://www.amazon.in/Melbify-Lion-Whiskey-Glasses-Premium/dp/B0D2Y2SX31/?_encoding=UTF8&pd_rd_w=Qr0ru&content-id=amzn1.sym.5b196cb1-f7bb-4753-98f3-f43cd2c5c71a&pf_rd_p=5b196cb1-f7bb-4753-98f3-f43cd2c5c71a&pf_rd_r=CBVPD2XDTBR2P3JAKWHF&pd_rd_wg=PZkOL&pd_rd_r=4d1b6904-f2bf-425f-bb03-40d05ee3828e&ref_=pd_hp_d_btf_LPDEALS
https://www.amazon.in/Yelona-Insulated-Tumbler-Temperature-Technology/dp/B0CRSWL2XS/?_encoding=UTF8&pd_rd_w=Qr0ru&content-id=amzn1.sym.5b196cb1-f7bb-4753-98f3-f43cd2c5c71a&pf_rd_p=5b196cb1-f7bb-4753-98f3-f43cd2c5c71a&pf_rd_r=CBVPD2XDTBR2P3JAKWHF&pd_rd_wg=PZkOL&pd_rd_r=4d1b6904-f2bf-425f-bb03-40d05ee3828e&ref_=pd_hp_d_btf_LPDEALS
https://www.amazon.in/Tempering-Pre-Seasoned-Weight-Silicone-Sleeve/dp/B0B56XLC73/?_encoding=UTF8&pd_rd_w=Qr0ru&content-id=amzn1.sym.5b196cb1-f7bb-4753-98f3-f43cd2c5c71a&pf_rd_p=5b196cb1-f7bb-4753-98f3-f43cd2c5c71a&pf_rd_r=CBVPD2XDTBR2P3JAKWHF&pd_rd_wg=PZkOL&pd_rd_r=4d1b6904-f2bf-425f-bb03-40d05ee3828e&ref_=pd_hp_d_btf_LPDEALS
https://www.amazon.in/#
https://www.amazon.in/#
null
https://www.amazon.in/Decorcrafts-Stainless-Drinking-Brushes-Straight/dp/B07YL1WVJY/?_encoding=UTF8&pd_rd_w=BevoL&content-id=amzn1.sym.e2d60bdd-bce4-4a66-b3b8-54667a7ad49f&pf_rd_p=e2d60bdd-bce4-4a66-b3b8-54667a7ad49f&pf_rd_r=CBVPD2XDTBR2P3JAKWHF&pd_rd_wg=PZkOL&pd_rd_r=4d1b6904-f2bf-425f-bb03-40d05ee3828e&ref_=pd_hp_d_btf_a2i_ohl_gw_cml
https://www.amazon.in/UAPAN-MetalCraft-Brass-Golden-Silver/dp/B07VH3GYYC/?_encoding=UTF8&pd_rd_w=BevoL&content-id=amzn1.sym.e2d60bdd-bce4-4a66-b3b8-54667a7ad49f&pf_rd_p=e2d60bdd-bce4-4a66-b3b8-54667a7ad49f&pf_rd_r=CBVPD2XDTBR2P3JAKWHF&pd_rd_wg=PZkOL&pd_rd_r=4d1b6904-f2bf-425f-bb03-40d05ee3828e&ref_=pd_hp_d_btf_a2i_ohl_gw_cml
https://www.amazon.in/Hand-Art-Terracotta-Decorative-Multicolour/dp/B06XHZVLWC/?_encoding=UTF8&pd_rd_w=BevoL&content-id=amzn1.sym.e2d60bdd-bce4-4a66-b3b8-54667a7ad49f&pf_rd_p=e2d60bdd-bce4-4a66-b3b8-54667a7ad49f&pf_rd_r=CBVPD2XDTBR2P3JAKWHF&pd_rd_wg=PZkOL&pd_rd_r=4d1b6904-f2bf-425f-bb03-40d05ee3828e&ref_=pd_hp_d_btf_a2i_ohl_gw_cml
https://www.amazon.in/AMERICAN-MICRONIC-Automatic-Stainless-Watts-TSS2/dp/B072R38CX6/?_encoding=UTF8&pd_rd_w=BevoL&content-id=amzn1.sym.e2d60bdd-bce4-4a66-b3b8-54667a7ad49f&pf_rd_p=e2d60bdd-bce4-4a66-b3b8-54667a7ad49f&pf_rd_r=CBVPD2XDTBR2P3JAKWHF&pd_rd_wg=PZkOL&pd_rd_r=4d1b6904-f2bf-425f-bb03-40d05ee3828e&ref_=pd_hp_d_btf_a2i_ohl_gw_cml
https://www.amazon.in/b/?_encoding=UTF8&node=30631803031&pd_rd_w=BevoL&content-id=amzn1.sym.e2d60bdd-bce4-4a66-b3b8-54667a7ad49f&pf_rd_p=e2d60bdd-bce4-4a66-b3b8-54667a7ad49f&pf_rd_r=CBVPD2XDTBR2P3JAKWHF&pd_rd_wg=PZkOL&pd_rd_r=4d1b6904-f2bf-425f-bb03-40d05ee3828e&ref_=pd_hp_d_btf_a2i_ohl_gw_cml
https://www.amazon.in/#
https://www.amazon.in/Whirlpool-IntelliFresh-Convertible-Inverter-Refrigerator/dp/B0C9WT9G51/?_encoding=UTF8&pd_rd_w=TIlRg&content-id=amzn1.sym.7fc61785-e9dd-4a92-9d65-3e4188368a07&pf_rd_p=7fc61785-e9dd-4a92-9d65-3e4188368a07&pf_rd_r=CBVPD2XDTBR2P3JAKWHF&pd_rd_wg=PZkOL&pd_rd_r=4d1b6904-f2bf-425f-bb03-40d05ee3828e&ref_=pd_hp_d_btf_ls_gwc_pc_en2_
https://www.amazon.in/Whirlpool-IntelliFresh-Convertible-Inverter-Refrigerator/dp/B0C9WT9G51/?_encoding=UTF8&pd_rd_w=TIlRg&content-id=amzn1.sym.7fc61785-e9dd-4a92-9d65-3e4188368a07&pf_rd_p=7fc61785-e9dd-4a92-9d65-3e4188368a07&pf_rd_r=CBVPD2XDTBR2P3JAKWHF&pd_rd_wg=PZkOL&pd_rd_r=4d1b6904-f2bf-425f-bb03-40d05ee3828e&ref_=pd_hp_d_btf_ls_gwc_pc_en2_
https://www.amazon.in/Whirlpool-IntelliFresh-Convertible-Inverter-Refrigerator/dp/B0C9WT9G51/?_encoding=UTF8&pd_rd_w=TIlRg&content-id=amzn1.sym.7fc61785-e9dd-4a92-9d65-3e4188368a07&pf_rd_p=7fc61785-e9dd-4a92-9d65-3e4188368a07&pf_rd_r=CBVPD2XDTBR2P3JAKWHF&pd_rd_wg=PZkOL&pd_rd_r=4d1b6904-f2bf-425f-bb03-40d05ee3828e&ref_=pd_hp_d_btf_ls_gwc_pc_en2_
https://www.amazon.in/Whirlpool-IntelliFresh-Convertible-Inverter-Refrigerator/dp/B0C9WT9G51/?_encoding=UTF8&pd_rd_w=TIlRg&content-id=amzn1.sym.7fc61785-e9dd-4a92-9d65-3e4188368a07&pf_rd_p=7fc61785-e9dd-4a92-9d65-3e4188368a07&pf_rd_r=CBVPD2XDTBR2P3JAKWHF&pd_rd_wg=PZkOL&pd_rd_r=4d1b6904-f2bf-425f-bb03-40d05ee3828e&ref_=pd_hp_d_btf_ls_gwc_pc_en2_
https://www.amazon.in/Whirlpool-IntelliFresh-Convertible-Inverter-Refrigerator/dp/B0C9WT9G51/?_encoding=UTF8&pd_rd_w=TIlRg&content-id=amzn1.sym.7fc61785-e9dd-4a92-9d65-3e4188368a07&pf_rd_p=7fc61785-e9dd-4a92-9d65-3e4188368a07&pf_rd_r=CBVPD2XDTBR2P3JAKWHF&pd_rd_wg=PZkOL&pd_rd_r=4d1b6904-f2bf-425f-bb03-40d05ee3828e&ref_=pd_hp_d_btf_ls_gwc_pc_en2_
https://www.amazon.in/Whirlpool-IntelliFresh-Convertible-Inverter-Refrigerator/dp/B0C9WT9G51/?_encoding=UTF8&pd_rd_w=TIlRg&content-id=amzn1.sym.7fc61785-e9dd-4a92-9d65-3e4188368a07&pf_rd_p=7fc61785-e9dd-4a92-9d65-3e4188368a07&pf_rd_r=CBVPD2XDTBR2P3JAKWHF&pd_rd_wg=PZkOL&pd_rd_r=4d1b6904-f2bf-425f-bb03-40d05ee3828e&ref_=pd_hp_d_btf_ls_gwc_pc_en2_
https://www.amazon.in/#
https://www.amazon.in/Whirlpool-IntelliFresh-Convertible-Inverter-Refrigerator/dp/B0C9WT9G51/?_encoding=UTF8&pd_rd_w=TIlRg&content-id=amzn1.sym.7fc61785-e9dd-4a92-9d65-3e4188368a07&pf_rd_p=7fc61785-e9dd-4a92-9d65-3e4188368a07&pf_rd_r=CBVPD2XDTBR2P3JAKWHF&pd_rd_wg=PZkOL&pd_rd_r=4d1b6904-f2bf-425f-bb03-40d05ee3828e&ref_=pd_hp_d_btf_ls_gwc_pc_en2_
https://www.amazon.in/l/27014680031/?_encoding=UTF8&pd_rd_w=8UxWq&content-id=amzn1.sym.211d3c08-ef8f-4431-bf63-ee4eb0728d76&pf_rd_p=211d3c08-ef8f-4431-bf63-ee4eb0728d76&pf_rd_r=CBVPD2XDTBR2P3JAKWHF&pd_rd_wg=PZkOL&pd_rd_r=4d1b6904-f2bf-425f-bb03-40d05ee3828e&ref_=pd_hp_d_btf_unk
https://www.amazon.in/l/27016227031/?_encoding=UTF8&pd_rd_w=8UxWq&content-id=amzn1.sym.211d3c08-ef8f-4431-bf63-ee4eb0728d76&pf_rd_p=211d3c08-ef8f-4431-bf63-ee4eb0728d76&pf_rd_r=CBVPD2XDTBR2P3JAKWHF&pd_rd_wg=PZkOL&pd_rd_r=4d1b6904-f2bf-425f-bb03-40d05ee3828e&ref_=pd_hp_d_btf_unk
https://www.amazon.in/l/22962405031/?_encoding=UTF8&pd_rd_w=8UxWq&content-id=amzn1.sym.211d3c08-ef8f-4431-bf63-ee4eb0728d76&pf_rd_p=211d3c08-ef8f-4431-bf63-ee4eb0728d76&pf_rd_r=CBVPD2XDTBR2P3JAKWHF&pd_rd_wg=PZkOL&pd_rd_r=4d1b6904-f2bf-425f-bb03-40d05ee3828e&ref_=pd_hp_d_btf_unk
https://www.amazon.in/l/22422351031/?_encoding=UTF8&pd_rd_w=8UxWq&content-id=amzn1.sym.211d3c08-ef8f-4431-bf63-ee4eb0728d76&pf_rd_p=211d3c08-ef8f-4431-bf63-ee4eb0728d76&pf_rd_r=CBVPD2XDTBR2P3JAKWHF&pd_rd_wg=PZkOL&pd_rd_r=4d1b6904-f2bf-425f-bb03-40d05ee3828e&ref_=pd_hp_d_btf_unk
https://www.amazon.in/b/?_encoding=UTF8&node=22422351031&pd_rd_w=8UxWq&content-id=amzn1.sym.211d3c08-ef8f-4431-bf63-ee4eb0728d76&pf_rd_p=211d3c08-ef8f-4431-bf63-ee4eb0728d76&pf_rd_r=CBVPD2XDTBR2P3JAKWHF&pd_rd_wg=PZkOL&pd_rd_r=4d1b6904-f2bf-425f-bb03-40d05ee3828e&ref_=pd_hp_d_btf_unk
https://www.amazon.in/b/?_encoding=UTF8&node=21469514031&pd_rd_w=Z17iQ&content-id=amzn1.sym.efcd2665-863f-4944-b993-eeec638ec35c&pf_rd_p=efcd2665-863f-4944-b993-eeec638ec35c&pf_rd_r=CBVPD2XDTBR2P3JAKWHF&pd_rd_wg=PZkOL&pd_rd_r=4d1b6904-f2bf-425f-bb03-40d05ee3828e&ref_=pd_hp_d_btf_unk
https://www.amazon.in/s?bbn=5925789031&rh=n%3A5925789031%2Cp_n_format_browse-bin%3A19560801031&pd_rd_w=1ag2s&content-id=amzn1.sym.5fb50278-ac8e-4ca6-8fd4-02427124e9ff&pf_rd_p=5fb50278-ac8e-4ca6-8fd4-02427124e9ff&pf_rd_r=CBVPD2XDTBR2P3JAKWHF&pd_rd_wg=PZkOL&pd_rd_r=4d1b6904-f2bf-425f-bb03-40d05ee3828e
https://www.amazon.in/Amazon-Brand-Solimo-Stainless-Bottle/dp/B0929P7NT1/?_encoding=UTF8&pd_rd_w=1ag2s&content-id=amzn1.sym.5fb50278-ac8e-4ca6-8fd4-02427124e9ff&pf_rd_p=5fb50278-ac8e-4ca6-8fd4-02427124e9ff&pf_rd_r=CBVPD2XDTBR2P3JAKWHF&pd_rd_wg=PZkOL&pd_rd_r=4d1b6904-f2bf-425f-bb03-40d05ee3828e&ref_=pd_hp_d_btf_PB
https://www.amazon.in/Solimo-Plastic-Cutter-Silver-SOKT165/dp/B07PBBXV86/?_encoding=UTF8&pd_rd_w=1ag2s&content-id=amzn1.sym.5fb50278-ac8e-4ca6-8fd4-02427124e9ff&pf_rd_p=5fb50278-ac8e-4ca6-8fd4-02427124e9ff&pf_rd_r=CBVPD2XDTBR2P3JAKWHF&pd_rd_wg=PZkOL&pd_rd_r=4d1b6904-f2bf-425f-bb03-40d05ee3828e&ref_=pd_hp_d_btf_PB
https://www.amazon.in/Amazon-Brand-Solimo-2000-Watt-certified/dp/B07VX71FZP/?_encoding=UTF8&pd_rd_w=1ag2s&content-id=amzn1.sym.5fb50278-ac8e-4ca6-8fd4-02427124e9ff&pf_rd_p=5fb50278-ac8e-4ca6-8fd4-02427124e9ff&pf_rd_r=CBVPD2XDTBR2P3JAKWHF&pd_rd_wg=PZkOL&pd_rd_r=4d1b6904-f2bf-425f-bb03-40d05ee3828e&ref_=pd_hp_d_btf_PB
https://www.amazon.in/Amazon-Brand-Solimo-Plastic-Dough/dp/B07P82MMQF/?_encoding=UTF8&pd_rd_w=1ag2s&content-id=amzn1.sym.5fb50278-ac8e-4ca6-8fd4-02427124e9ff&pf_rd_p=5fb50278-ac8e-4ca6-8fd4-02427124e9ff&pf_rd_r=CBVPD2XDTBR2P3JAKWHF&pd_rd_wg=PZkOL&pd_rd_r=4d1b6904-f2bf-425f-bb03-40d05ee3828e&ref_=pd_hp_d_btf_PB
https://www.amazon.in/Amazon-Brand-Solimo-Vegetable-Chopper/dp/B07FFMYKW2/?_encoding=UTF8&pd_rd_w=1ag2s&content-id=amzn1.sym.5fb50278-ac8e-4ca6-8fd4-02427124e9ff&pf_rd_p=5fb50278-ac8e-4ca6-8fd4-02427124e9ff&pf_rd_r=CBVPD2XDTBR2P3JAKWHF&pd_rd_wg=PZkOL&pd_rd_r=4d1b6904-f2bf-425f-bb03-40d05ee3828e&ref_=pd_hp_d_btf_PB
https://www.amazon.in/Amazon-Brand-11-Multipurpose-Vegetable/dp/B0929LZVT9/?_encoding=UTF8&pd_rd_w=1ag2s&content-id=amzn1.sym.5fb50278-ac8e-4ca6-8fd4-02427124e9ff&pf_rd_p=5fb50278-ac8e-4ca6-8fd4-02427124e9ff&pf_rd_r=CBVPD2XDTBR2P3JAKWHF&pd_rd_wg=PZkOL&pd_rd_r=4d1b6904-f2bf-425f-bb03-40d05ee3828e&ref_=pd_hp_d_btf_PB
https://www.amazon.in/Amazon-Brand-Stainless-Induction-Steamer/dp/B07P5TXZ9V/?_encoding=UTF8&pd_rd_w=1ag2s&content-id=amzn1.sym.5fb50278-ac8e-4ca6-8fd4-02427124e9ff&pf_rd_p=5fb50278-ac8e-4ca6-8fd4-02427124e9ff&pf_rd_r=CBVPD2XDTBR2P3JAKWHF&pd_rd_wg=PZkOL&pd_rd_r=4d1b6904-f2bf-425f-bb03-40d05ee3828e&ref_=pd_hp_d_btf_PB
https://www.amazon.in/Amazon-Brand-Upright-Revolving-Countertop/dp/B07PCCYZQN/?_encoding=UTF8&pd_rd_w=1ag2s&content-id=amzn1.sym.5fb50278-ac8e-4ca6-8fd4-02427124e9ff&pf_rd_p=5fb50278-ac8e-4ca6-8fd4-02427124e9ff&pf_rd_r=CBVPD2XDTBR2P3JAKWHF&pd_rd_wg=PZkOL&pd_rd_r=4d1b6904-f2bf-425f-bb03-40d05ee3828e&ref_=pd_hp_d_btf_PB
https://www.amazon.in/Amazon-Brand-Solimo-Stainless-Induction/dp/B07P5TXM7B/?_encoding=UTF8&pd_rd_w=1ag2s&content-id=amzn1.sym.5fb50278-ac8e-4ca6-8fd4-02427124e9ff&pf_rd_p=5fb50278-ac8e-4ca6-8fd4-02427124e9ff&pf_rd_r=CBVPD2XDTBR2P3JAKWHF&pd_rd_wg=PZkOL&pd_rd_r=4d1b6904-f2bf-425f-bb03-40d05ee3828e&ref_=pd_hp_d_btf_PB
[...]
https://www.amazon.in/Amaze-Inverter-Battery-Tubular-Battrey/dp/B0CLLY5QTT/?_encoding=UTF8&pd_rd_w=H9d6U&content-id=amzn1.sym.0f7fbad2-46d5-4b88-a2e7-5e9acb3ecd75&pf_rd_p=0f7fbad2-46d5-4b88-a2e7-5e9acb3ecd75&pf_rd_r=CBVPD2XDTBR2P3JAKWHF&pd_rd_wg=PZkOL&pd_rd_r=4d1b6904-f2bf-425f-bb03-40d05ee3828e&ref_=pd_hp_d_btf_ls_gwc_pc_en2_
https://www.amazon.in/Amaze-Inverter-Battery-Tubular-Battrey/dp/B0CLLY5QTT/?_encoding=UTF8&pd_rd_w=H9d6U&content-id=amzn1.sym.0f7fbad2-46d5-4b88-a2e7-5e9acb3ecd75&pf_rd_p=0f7fbad2-46d5-4b88-a2e7-5e9acb3ecd75&pf_rd_r=CBVPD2XDTBR2P3JAKWHF&pd_rd_wg=PZkOL&pd_rd_r=4d1b6904-f2bf-425f-bb03-40d05ee3828e&ref_=pd_hp_d_btf_ls_gwc_pc_en2_
https://www.amazon.in/Amaze-Inverter-Battery-Tubular-Battrey/dp/B0CLLY5QTT/?_encoding=UTF8&pd_rd_w=H9d6U&content-id=amzn1.sym.0f7fbad2-46d5-4b88-a2e7-5e9acb3ecd75&pf_rd_p=0f7fbad2-46d5-4b88-a2e7-5e9acb3ecd75&pf_rd_r=CBVPD2XDTBR2P3JAKWHF&pd_rd_wg=PZkOL&pd_rd_r=4d1b6904-f2bf-425f-bb03-40d05ee3828e&ref_=pd_hp_d_btf_ls_gwc_pc_en2_
https://www.amazon.in/#
https://www.amazon.in/Amaze-Inverter-Battery-Tubular-Battrey/dp/B0CLLY5QTT/?_encoding=UTF8&pd_rd_w=H9d6U&content-id=amzn1.sym.0f7fbad2-46d5-4b88-a2e7-5e9acb3ecd75&pf_rd_p=0f7fbad2-46d5-4b88-a2e7-5e9acb3ecd75&pf_rd_r=CBVPD2XDTBR2P3JAKWHF&pd_rd_wg=PZkOL&pd_rd_r=4d1b6904-f2bf-425f-bb03-40d05ee3828e&ref_=pd_hp_d_btf_ls_gwc_pc_en2_
https://www.amazon.in/Mattel-Uno-Playing-Card-Game/dp/B00GTJSGXE/?_encoding=UTF8&pd_rd_w=B9fIG&content-id=amzn1.sym.211684f4-ebe1-443f-8a4a-0773471e979f&pf_rd_p=211684f4-ebe1-443f-8a4a-0773471e979f&pf_rd_r=CBVPD2XDTBR2P3JAKWHF&pd_rd_wg=PZkOL&pd_rd_r=4d1b6904-f2bf-425f-bb03-40d05ee3828e&ref_=pd_hp_d_btf_crs_zg_bs_1350380031
https://www.amazon.in/Lifelong-Adjustable-Weight-50-Manufacturers-LLKS03/dp/B0C862R9VF/?_encoding=UTF8&pd_rd_w=B9fIG&content-id=amzn1.sym.211684f4-ebe1-443f-8a4a-0773471e979f&pf_rd_p=211684f4-ebe1-443f-8a4a-0773471e979f&pf_rd_r=CBVPD2XDTBR2P3JAKWHF&pd_rd_wg=PZkOL&pd_rd_r=4d1b6904-f2bf-425f-bb03-40d05ee3828e&ref_=pd_hp_d_btf_crs_zg_bs_1350380031
https://www.amazon.in/Portronics-Ruffpad-Re-Writable-8-5-inch-Handwriting/dp/B09GF6JBZN/?_encoding=UTF8&pd_rd_w=B9fIG&content-id=amzn1.sym.211684f4-ebe1-443f-8a4a-0773471e979f&pf_rd_p=211684f4-ebe1-443f-8a4a-0773471e979f&pf_rd_r=CBVPD2XDTBR2P3JAKWHF&pd_rd_wg=PZkOL&pd_rd_r=4d1b6904-f2bf-425f-bb03-40d05ee3828e&ref_=pd_hp_d_btf_crs_zg_bs_1350380031
https://www.amazon.in/WireScorts-Geometric-Preschool-Educational-Multicolor/dp/B0CFGB45S2/?_encoding=UTF8&pd_rd_w=B9fIG&content-id=amzn1.sym.211684f4-ebe1-443f-8a4a-0773471e979f&pf_rd_p=211684f4-ebe1-443f-8a4a-0773471e979f&pf_rd_r=CBVPD2XDTBR2P3JAKWHF&pd_rd_wg=PZkOL&pd_rd_r=4d1b6904-f2bf-425f-bb03-40d05ee3828e&ref_=pd_hp_d_btf_crs_zg_bs_1350380031
https://www.amazon.in/Mattel-Uno-Playing-Card-Game/dp/B00GTJSGXE/?_encoding=UTF8&pd_rd_w=B9fIG&content-id=amzn1.sym.211684f4-ebe1-443f-8a4a-0773471e979f&pf_rd_p=211684f4-ebe1-443f-8a4a-0773471e979f&pf_rd_r=CBVPD2XDTBR2P3JAKWHF&pd_rd_wg=PZkOL&pd_rd_r=4d1b6904-f2bf-425f-bb03-40d05ee3828e&ref_=pd_hp_d_btf_crs_zg_bs_1350380031
https://www.amazon.in/Lifelong-Adjustable-Weight-50-Manufacturers-LLKS03/dp/B0C862R9VF/?_encoding=UTF8&pd_rd_w=B9fIG&content-id=amzn1.sym.211684f4-ebe1-443f-8a4a-0773471e979f&pf_rd_p=211684f4-ebe1-443f-8a4a-0773471e979f&pf_rd_r=CBVPD2XDTBR2P3JAKWHF&pd_rd_wg=PZkOL&pd_rd_r=4d1b6904-f2bf-425f-bb03-40d05ee3828e&ref_=pd_hp_d_btf_crs_zg_bs_1350380031
https://www.amazon.in/Portronics-Ruffpad-Re-Writable-8-5-inch-Handwriting/dp/B09GF6JBZN/?_encoding=UTF8&pd_rd_w=B9fIG&content-id=amzn1.sym.211684f4-ebe1-443f-8a4a-0773471e979f&pf_rd_p=211684f4-ebe1-443f-8a4a-0773471e979f&pf_rd_r=CBVPD2XDTBR2P3JAKWHF&pd_rd_wg=PZkOL&pd_rd_r=4d1b6904-f2bf-425f-bb03-40d05ee3828e&ref_=pd_hp_d_btf_crs_zg_bs_1350380031
https://www.amazon.in/WireScorts-Geometric-Preschool-Educational-Multicolor/dp/B0CFGB45S2/?_encoding=UTF8&pd_rd_w=B9fIG&content-id=amzn1.sym.211684f4-ebe1-443f-8a4a-0773471e979f&pf_rd_p=211684f4-ebe1-443f-8a4a-0773471e979f&pf_rd_r=CBVPD2XDTBR2P3JAKWHF&pd_rd_wg=PZkOL&pd_rd_r=4d1b6904-f2bf-425f-bb03-40d05ee3828e&ref_=pd_hp_d_btf_crs_zg_bs_1350380031
https://www.amazon.in/#
https://www.amazon.in/GYMIFIC-Sports-Training-Running-Shorts/dp/B0BYSHN1N3/?_encoding=UTF8&pd_rd_w=FhgUM&content-id=amzn1.sym.e17e91d0-977d-4c9d-9a05-b26b826766e6&pf_rd_p=e17e91d0-977d-4c9d-9a05-b26b826766e6&pf_rd_r=CBVPD2XDTBR2P3JAKWHF&pd_rd_wg=PZkOL&pd_rd_r=4d1b6904-f2bf-425f-bb03-40d05ee3828e&ref_=pd_hp_d_btf_LPDEALS
https://www.amazon.in/GYMIFIC-Sports-Training-Running-Shorts/dp/B0BYSHN1N3/?_encoding=UTF8&pd_rd_w=FhgUM&content-id=amzn1.sym.e17e91d0-977d-4c9d-9a05-b26b826766e6&pf_rd_p=e17e91d0-977d-4c9d-9a05-b26b826766e6&pf_rd_r=CBVPD2XDTBR2P3JAKWHF&pd_rd_wg=PZkOL&pd_rd_r=4d1b6904-f2bf-425f-bb03-40d05ee3828e&ref_=pd_hp_d_btf_LPDEALS
https://www.amazon.in/GYMIFIC-Sports-Training-Running-Shorts/dp/B0BYSHN1N3/?_encoding=UTF8&pd_rd_w=FhgUM&content-id=amzn1.sym.e17e91d0-977d-4c9d-9a05-b26b826766e6&pf_rd_p=e17e91d0-977d-4c9d-9a05-b26b826766e6&pf_rd_r=CBVPD2XDTBR2P3JAKWHF&pd_rd_wg=PZkOL&pd_rd_r=4d1b6904-f2bf-425f-bb03-40d05ee3828e&ref_=pd_hp_d_btf_LPDEALS
https://www.amazon.in/GYMIFIC-Sports-Training-Running-Shorts/dp/B0BYSHN1N3/?_encoding=UTF8&pd_rd_w=FhgUM&content-id=amzn1.sym.e17e91d0-977d-4c9d-9a05-b26b826766e6&pf_rd_p=e17e91d0-977d-4c9d-9a05-b26b826766e6&pf_rd_r=CBVPD2XDTBR2P3JAKWHF&pd_rd_wg=PZkOL&pd_rd_r=4d1b6904-f2bf-425f-bb03-40d05ee3828e&ref_=pd_hp_d_btf_LPDEALS
https://www.amazon.in/GYMIFIC-Sports-Training-Running-Shorts/dp/B0BYSHN1N3/?_encoding=UTF8&pd_rd_w=FhgUM&content-id=amzn1.sym.e17e91d0-977d-4c9d-9a05-b26b826766e6&pf_rd_p=e17e91d0-977d-4c9d-9a05-b26b826766e6&pf_rd_r=CBVPD2XDTBR2P3JAKWHF&pd_rd_wg=PZkOL&pd_rd_r=4d1b6904-f2bf-425f-bb03-40d05ee3828e&ref_=pd_hp_d_btf_LPDEALS
https://www.amazon.in/GYMIFIC-Sports-Training-Running-Shorts/dp/B0BYSHN1N3/?_encoding=UTF8&pd_rd_w=FhgUM&content-id=amzn1.sym.e17e91d0-977d-4c9d-9a05-b26b826766e6&pf_rd_p=e17e91d0-977d-4c9d-9a05-b26b826766e6&pf_rd_r=CBVPD2XDTBR2P3JAKWHF&pd_rd_wg=PZkOL&pd_rd_r=4d1b6904-f2bf-425f-bb03-40d05ee3828e&ref_=pd_hp_d_btf_LPDEALS
https://www.amazon.in/#
https://www.amazon.in/GYMIFIC-Sports-Training-Running-Shorts/dp/B0BYSHN1N3/?_encoding=UTF8&pd_rd_w=FhgUM&content-id=amzn1.sym.e17e91d0-977d-4c9d-9a05-b26b826766e6&pf_rd_p=e17e91d0-977d-4c9d-9a05-b26b826766e6&pf_rd_r=CBVPD2XDTBR2P3JAKWHF&pd_rd_wg=PZkOL&pd_rd_r=4d1b6904-f2bf-425f-bb03-40d05ee3828e&ref_=pd_hp_d_btf_LPDEALS
https://www.amazon.in/b/?_encoding=UTF8&node=3403635031&pd_rd_w=8ekn7&content-id=amzn1.sym.d5b43f20-3428-444e-b8fb-db6335b458a7&pf_rd_p=d5b43f20-3428-444e-b8fb-db6335b458a7&pf_rd_r=CBVPD2XDTBR2P3JAKWHF&pd_rd_wg=PZkOL&pd_rd_r=4d1b6904-f2bf-425f-bb03-40d05ee3828e&ref_=pd_hp_d_btf_unk
https://www.amazon.in/b/?_encoding=UTF8&node=1984443031&pd_rd_w=8ekn7&content-id=amzn1.sym.d5b43f20-3428-444e-b8fb-db6335b458a7&pf_rd_p=d5b43f20-3428-444e-b8fb-db6335b458a7&pf_rd_r=CBVPD2XDTBR2P3JAKWHF&pd_rd_wg=PZkOL&pd_rd_r=4d1b6904-f2bf-425f-bb03-40d05ee3828e&ref_=pd_hp_d_btf_unk
https://www.amazon.in/b?node=100294184031&pd_rd_w=ucj3W&content-id=amzn1.sym.4b307e00-9d10-423a-af7e-4ff285e9a1f0&pf_rd_p=4b307e00-9d10-423a-af7e-4ff285e9a1f0&pf_rd_r=CBVPD2XDTBR2P3JAKWHF&pd_rd_wg=PZkOL&pd_rd_r=4d1b6904-f2bf-425f-bb03-40d05ee3828e
https://www.amazon.in/SIDDHANAM-Women-Print-Rayon-Line/dp/B095K76HGY/?_encoding=UTF8&pd_rd_w=ucj3W&content-id=amzn1.sym.4b307e00-9d10-423a-af7e-4ff285e9a1f0&pf_rd_p=4b307e00-9d10-423a-af7e-4ff285e9a1f0&pf_rd_r=CBVPD2XDTBR2P3JAKWHF&pd_rd_wg=PZkOL&pd_rd_r=4d1b6904-f2bf-425f-bb03-40d05ee3828e&ref_=pd_hp_d_btf_ls_gwc_pc_en4_
https://www.amazon.in/mooncrest-Designer-Printed-Cotton-Dupatta/dp/B0DC3Z6K7H/?_encoding=UTF8&pd_rd_w=ucj3W&content-id=amzn1.sym.4b307e00-9d10-423a-af7e-4ff285e9a1f0&pf_rd_p=4b307e00-9d10-423a-af7e-4ff285e9a1f0&pf_rd_r=CBVPD2XDTBR2P3JAKWHF&pd_rd_wg=PZkOL&pd_rd_r=4d1b6904-f2bf-425f-bb03-40d05ee3828e&ref_=pd_hp_d_btf_ls_gwc_pc_en4_
https://www.amazon.in/Embroidered-Casual-Viscose-SleeveKnee-3XL/dp/B0D8YGCMKL/?_encoding=UTF8&pd_rd_w=ucj3W&content-id=amzn1.sym.4b307e00-9d10-423a-af7e-4ff285e9a1f0&pf_rd_p=4b307e00-9d10-423a-af7e-4ff285e9a1f0&pf_rd_r=CBVPD2XDTBR2P3JAKWHF&pd_rd_wg=PZkOL&pd_rd_r=4d1b6904-f2bf-425f-bb03-40d05ee3828e&ref_=pd_hp_d_btf_ls_gwc_pc_en4_
https://www.amazon.in/NEEDLE-NARI-Sleeves-Straight-Purpe-White/dp/B0D81C69L1/?_encoding=UTF8&pd_rd_w=ucj3W&content-id=amzn1.sym.4b307e00-9d10-423a-af7e-4ff285e9a1f0&pf_rd_p=4b307e00-9d10-423a-af7e-4ff285e9a1f0&pf_rd_r=CBVPD2XDTBR2P3JAKWHF&pd_rd_wg=PZkOL&pd_rd_r=4d1b6904-f2bf-425f-bb03-40d05ee3828e&ref_=pd_hp_d_btf_ls_gwc_pc_en4_
https://www.amazon.in/MAHAVIR-FAB-Embroidered-Straight-M_T_10164-Black-Large/dp/B0D49PS912/?_encoding=UTF8&pd_rd_w=ucj3W&content-id=amzn1.sym.4b307e00-9d10-423a-af7e-4ff285e9a1f0&pf_rd_p=4b307e00-9d10-423a-af7e-4ff285e9a1f0&pf_rd_r=CBVPD2XDTBR2P3JAKWHF&pd_rd_wg=PZkOL&pd_rd_r=4d1b6904-f2bf-425f-bb03-40d05ee3828e&ref_=pd_hp_d_btf_ls_gwc_pc_en4_
https://www.amazon.in/Divena-Velvat-Kurta-Organza-Dupatta/dp/B0BXH6ZRQC/?_encoding=UTF8&pd_rd_w=ucj3W&content-id=amzn1.sym.4b307e00-9d10-423a-af7e-4ff285e9a1f0&pf_rd_p=4b307e00-9d10-423a-af7e-4ff285e9a1f0&pf_rd_r=CBVPD2XDTBR2P3JAKWHF&pd_rd_wg=PZkOL&pd_rd_r=4d1b6904-f2bf-425f-bb03-40d05ee3828e&ref_=pd_hp_d_btf_ls_gwc_pc_en4_
https://www.amazon.in/Kasha-Women-Rayon-dupatta-Palazzo/dp/B091C39K5J/?_encoding=UTF8&pd_rd_w=ucj3W&content-id=amzn1.sym.4b307e00-9d10-423a-af7e-4ff285e9a1f0&pf_rd_p=4b307e00-9d10-423a-af7e-4ff285e9a1f0&pf_rd_r=CBVPD2XDTBR2P3JAKWHF&pd_rd_wg=PZkOL&pd_rd_r=4d1b6904-f2bf-425f-bb03-40d05ee3828e&ref_=pd_hp_d_btf_ls_gwc_pc_en4_
https://www.amazon.in/ZIYAA-Womens-Cotton-Straight-ZIKUCO3899-3XL/dp/B0BYJRSPXL/?_encoding=UTF8&pd_rd_w=ucj3W&content-id=amzn1.sym.4b307e00-9d10-423a-af7e-4ff285e9a1f0&pf_rd_p=4b307e00-9d10-423a-af7e-4ff285e9a1f0&pf_rd_r=CBVPD2XDTBR2P3JAKWHF&pd_rd_wg=PZkOL&pd_rd_r=4d1b6904-f2bf-425f-bb03-40d05ee3828e&ref_=pd_hp_d_btf_ls_gwc_pc_en4_
https://www.amazon.in/Ragini-Enterprises-Womens-Anarkali-Printed/dp/B0C9LXHT13/?_encoding=UTF8&pd_rd_w=ucj3W&content-id=amzn1.sym.4b307e00-9d10-423a-af7e-4ff285e9a1f0&pf_rd_p=4b307e00-9d10-423a-af7e-4ff285e9a1f0&pf_rd_r=CBVPD2XDTBR2P3JAKWHF&pd_rd_wg=PZkOL&pd_rd_r=4d1b6904-f2bf-425f-bb03-40d05ee3828e&ref_=pd_hp_d_btf_ls_gwc_pc_en4_
https://www.amazon.in/AMOZO-Womens-Regular-Peach-Orange-2X-Large/dp/B0BVJ3QJ7Q/?_encoding=UTF8&pd_rd_w=ucj3W&content-id=amzn1.sym.4b307e00-9d10-423a-af7e-4ff285e9a1f0&pf_rd_p=4b307e00-9d10-423a-af7e-4ff285e9a1f0&pf_rd_r=CBVPD2XDTBR2P3JAKWHF&pd_rd_wg=PZkOL&pd_rd_r=4d1b6904-f2bf-425f-bb03-40d05ee3828e&ref_=pd_hp_d_btf_ls_gwc_pc_en4_
https://www.amazon.in/Pooja-Kurti-Craft-Rayon-Printed/dp/B0CGXRXCL3/?_encoding=UTF8&pd_rd_w=ucj3W&content-id=amzn1.sym.4b307e00-9d10-423a-af7e-4ff285e9a1f0&pf_rd_p=4b307e00-9d10-423a-af7e-4ff285e9a1f0&pf_rd_r=CBVPD2XDTBR2P3JAKWHF&pd_rd_wg=PZkOL&pd_rd_r=4d1b6904-f2bf-425f-bb03-40d05ee3828e&ref_=pd_hp_d_btf_ls_gwc_pc_en4_
https://www.amazon.in/Chikankari-Modal-Straight-Kurti-XX-Large/dp/B0CVM6MGSN/?_encoding=UTF8&pd_rd_w=ucj3W&content-id=amzn1.sym.4b307e00-9d10-423a-af7e-4ff285e9a1f0&pf_rd_p=4b307e00-9d10-423a-af7e-4ff285e9a1f0&pf_rd_r=CBVPD2XDTBR2P3JAKWHF&pd_rd_wg=PZkOL&pd_rd_r=4d1b6904-f2bf-425f-bb03-40d05ee3828e&ref_=pd_hp_d_btf_ls_gwc_pc_en4_
https://www.amazon.in/Mollymode-Embroidered-Straight-Kurta-Dupatta/dp/B0D1CKCK9M/?_encoding=UTF8&pd_rd_w=ucj3W&content-id=amzn1.sym.4b307e00-9d10-423a-af7e-4ff285e9a1f0&pf_rd_p=4b307e00-9d10-423a-af7e-4ff285e9a1f0&pf_rd_r=CBVPD2XDTBR2P3JAKWHF&pd_rd_wg=PZkOL&pd_rd_r=4d1b6904-f2bf-425f-bb03-40d05ee3828e&ref_=pd_hp_d_btf_ls_gwc_pc_en4_
https://www.amazon.in/Edeltraud-collection-Womens-Dupatta-Material/dp/B0D9YHRZKQ/?_encoding=UTF8&pd_rd_w=ucj3W&content-id=amzn1.sym.4b307e00-9d10-423a-af7e-4ff285e9a1f0&pf_rd_p=4b307e00-9d10-423a-af7e-4ff285e9a1f0&pf_rd_r=CBVPD2XDTBR2P3JAKWHF&pd_rd_wg=PZkOL&pd_rd_r=4d1b6904-f2bf-425f-bb03-40d05ee3828e&ref_=pd_hp_d_btf_ls_gwc_pc_en4_
https://www.amazon.in/RAMBHA-Women-Chikan-Embroidery-Georgette/dp/B0D6394FP8/?_encoding=UTF8&pd_rd_w=ucj3W&content-id=amzn1.sym.4b307e00-9d10-423a-af7e-4ff285e9a1f0&pf_rd_p=4b307e00-9d10-423a-af7e-4ff285e9a1f0&pf_rd_r=CBVPD2XDTBR2P3JAKWHF&pd_rd_wg=PZkOL&pd_rd_r=4d1b6904-f2bf-425f-bb03-40d05ee3828e&ref_=pd_hp_d_btf_ls_gwc_pc_en4_
https://www.amazon.in/Aarika-Womens-Cotton-Regular-MY-KURTI-W-SM-7061_Peach/dp/B0C6DHRMDD/?_encoding=UTF8&pd_rd_w=ucj3W&content-id=amzn1.sym.4b307e00-9d10-423a-af7e-4ff285e9a1f0&pf_rd_p=4b307e00-9d10-423a-af7e-4ff285e9a1f0&pf_rd_r=CBVPD2XDTBR2P3JAKWHF&pd_rd_wg=PZkOL&pd_rd_r=4d1b6904-f2bf-425f-bb03-40d05ee3828e&ref_=pd_hp_d_btf_ls_gwc_pc_en4_
https://www.amazon.in/ZIYAA-Womens-Silk-Straight-Kurta/dp/B0CMHXZVRQ/?_encoding=UTF8&pd_rd_w=ucj3W&content-id=amzn1.sym.4b307e00-9d10-423a-af7e-4ff285e9a1f0&pf_rd_p=4b307e00-9d10-423a-af7e-4ff285e9a1f0&pf_rd_r=CBVPD2XDTBR2P3JAKWHF&pd_rd_wg=PZkOL&pd_rd_r=4d1b6904-f2bf-425f-bb03-40d05ee3828e&ref_=pd_hp_d_btf_ls_gwc_pc_en4_
https://www.amazon.in/Women-Plus-Embroidered-Handloom-XX-Large/dp/B0C6R4L5WN/?_encoding=UTF8&pd_rd_w=ucj3W&content-id=amzn1.sym.4b307e00-9d10-423a-af7e-4ff285e9a1f0&pf_rd_p=4b307e00-9d10-423a-af7e-4ff285e9a1f0&pf_rd_r=CBVPD2XDTBR2P3JAKWHF&pd_rd_wg=PZkOL&pd_rd_r=4d1b6904-f2bf-425f-bb03-40d05ee3828e&ref_=pd_hp_d_btf_ls_gwc_pc_en4_
https://www.amazon.in/Avayayat-Womens-Cottan-Straight-Relaxed/dp/B0DBV4WPHJ/?_encoding=UTF8&pd_rd_w=ucj3W&content-id=amzn1.sym.4b307e00-9d10-423a-af7e-4ff285e9a1f0&pf_rd_p=4b307e00-9d10-423a-af7e-4ff285e9a1f0&pf_rd_r=CBVPD2XDTBR2P3JAKWHF&pd_rd_wg=PZkOL&pd_rd_r=4d1b6904-f2bf-425f-bb03-40d05ee3828e&ref_=pd_hp_d_btf_ls_gwc_pc_en4_
https://www.amazon.in/Krishna_Garments-Sanganeri-Anarkali-Beautiful-Embroidery/dp/B0CVQW9T5Y/?_encoding=UTF8&pd_rd_w=ucj3W&content-id=amzn1.sym.4b307e00-9d10-423a-af7e-4ff285e9a1f0&pf_rd_p=4b307e00-9d10-423a-af7e-4ff285e9a1f0&pf_rd_r=CBVPD2XDTBR2P3JAKWHF&pd_rd_wg=PZkOL&pd_rd_r=4d1b6904-f2bf-425f-bb03-40d05ee3828e&ref_=pd_hp_d_btf_ls_gwc_pc_en4_
https://www.amazon.in/NEEDLE-NARI-Georgette-Sleeves-Dupatta/dp/B0D8PYG4J9/?_encoding=UTF8&pd_rd_w=ucj3W&content-id=amzn1.sym.4b307e00-9d10-423a-af7e-4ff285e9a1f0&pf_rd_p=4b307e00-9d10-423a-af7e-4ff285e9a1f0&pf_rd_r=CBVPD2XDTBR2P3JAKWHF&pd_rd_wg=PZkOL&pd_rd_r=4d1b6904-f2bf-425f-bb03-40d05ee3828e&ref_=pd_hp_d_btf_ls_gwc_pc_en4_
https://www.amazon.in/Fabclub-Anarkali-Floral-Printed-Designer/dp/B09KN92K37/?_encoding=UTF8&pd_rd_w=ucj3W&content-id=amzn1.sym.4b307e00-9d10-423a-af7e-4ff285e9a1f0&pf_rd_p=4b307e00-9d10-423a-af7e-4ff285e9a1f0&pf_rd_r=CBVPD2XDTBR2P3JAKWHF&pd_rd_wg=PZkOL&pd_rd_r=4d1b6904-f2bf-425f-bb03-40d05ee3828e&ref_=pd_hp_d_btf_ls_gwc_pc_en4_
https://www.amazon.in/Vbuyz-Kalamkari-Stitched-Palazzo-Dupatta/dp/B0CJC9TLKQ/?_encoding=UTF8&pd_rd_w=ucj3W&content-id=amzn1.sym.4b307e00-9d10-423a-af7e-4ff285e9a1f0&pf_rd_p=4b307e00-9d10-423a-af7e-4ff285e9a1f0&pf_rd_r=CBVPD2XDTBR2P3JAKWHF&pd_rd_wg=PZkOL&pd_rd_r=4d1b6904-f2bf-425f-bb03-40d05ee3828e&ref_=pd_hp_d_btf_ls_gwc_pc_en4_
https://www.amazon.in/Glance-Designs-Shoulder-Straight-gpd156-s_Purple_Small/dp/B09JCC5C62/?_encoding=UTF8&pd_rd_w=ucj3W&content-id=amzn1.sym.4b307e00-9d10-423a-af7e-4ff285e9a1f0&pf_rd_p=4b307e00-9d10-423a-af7e-4ff285e9a1f0&pf_rd_r=CBVPD2XDTBR2P3JAKWHF&pd_rd_wg=PZkOL&pd_rd_r=4d1b6904-f2bf-425f-bb03-40d05ee3828e&ref_=pd_hp_d_btf_ls_gwc_pc_en4_
https://www.amazon.in/SHOOLIN-Traditional-Embroidery-Line-Trouser-Dupatta/dp/B0CPVKF7Q9/?_encoding=UTF8&pd_rd_w=ucj3W&content-id=amzn1.sym.4b307e00-9d10-423a-af7e-4ff285e9a1f0&pf_rd_p=4b307e00-9d10-423a-af7e-4ff285e9a1f0&pf_rd_r=CBVPD2XDTBR2P3JAKWHF&pd_rd_wg=PZkOL&pd_rd_r=4d1b6904-f2bf-425f-bb03-40d05ee3828e&ref_=pd_hp_d_btf_ls_gwc_pc_en4_
https://www.amazon.in/Clothy-Wave-Womens-Striped-Kurti31Green-L/dp/B085LC1MBP/?_encoding=UTF8&pd_rd_w=ucj3W&content-id=amzn1.sym.4b307e00-9d10-423a-af7e-4ff285e9a1f0&pf_rd_p=4b307e00-9d10-423a-af7e-4ff285e9a1f0&pf_rd_r=CBVPD2XDTBR2P3JAKWHF&pd_rd_wg=PZkOL&pd_rd_r=4d1b6904-f2bf-425f-bb03-40d05ee3828e&ref_=pd_hp_d_btf_ls_gwc_pc_en4_
https://www.amazon.in/Shriyansh-Womens-Rayon-Palazzos-SC1202BLUE_L_Blue_Large/dp/B09C39NMDT/?_encoding=UTF8&pd_rd_w=ucj3W&content-id=amzn1.sym.4b307e00-9d10-423a-af7e-4ff285e9a1f0&pf_rd_p=4b307e00-9d10-423a-af7e-4ff285e9a1f0&pf_rd_r=CBVPD2XDTBR2P3JAKWHF&pd_rd_wg=PZkOL&pd_rd_r=4d1b6904-f2bf-425f-bb03-40d05ee3828e&ref_=pd_hp_d_btf_ls_gwc_pc_en4_
https://www.amazon.in/Stylefrenzy-Brown-Crepe-Kaftan-Kurta/dp/B0BZP96LJS/?_encoding=UTF8&pd_rd_w=ucj3W&content-id=amzn1.sym.4b307e00-9d10-423a-af7e-4ff285e9a1f0&pf_rd_p=4b307e00-9d10-423a-af7e-4ff285e9a1f0&pf_rd_r=CBVPD2XDTBR2P3JAKWHF&pd_rd_wg=PZkOL&pd_rd_r=4d1b6904-f2bf-425f-bb03-40d05ee3828e&ref_=pd_hp_d_btf_ls_gwc_pc_en4_
https://www.amazon.in/WIMIN-Womens-Rayon-Anarkali-Kurta/dp/B0BMVFZPSB/?_encoding=UTF8&pd_rd_w=ucj3W&content-id=amzn1.sym.4b307e00-9d10-423a-af7e-4ff285e9a1f0&pf_rd_p=4b307e00-9d10-423a-af7e-4ff285e9a1f0&pf_rd_r=CBVPD2XDTBR2P3JAKWHF&pd_rd_wg=PZkOL&pd_rd_r=4d1b6904-f2bf-425f-bb03-40d05ee3828e&ref_=pd_hp_d_btf_ls_gwc_pc_en4_
https://www.amazon.in/Redpinkviolet-Elegant-Pant-Dupatta-Embroidery/dp/B0D9K5HJML/?_encoding=UTF8&pd_rd_w=ucj3W&content-id=amzn1.sym.4b307e00-9d10-423a-af7e-4ff285e9a1f0&pf_rd_p=4b307e00-9d10-423a-af7e-4ff285e9a1f0&pf_rd_r=CBVPD2XDTBR2P3JAKWHF&pd_rd_wg=PZkOL&pd_rd_r=4d1b6904-f2bf-425f-bb03-40d05ee3828e&ref_=pd_hp_d_btf_ls_gwc_pc_en4_
https://www.amazon.in/#
https://www.amazon.in/#
https://www.amazon.in/gp/history
javascript:void(0)
https://www.aboutamazon.in/?utm_source=gateway&utm_medium=footer
https://amazon.jobs/
https://press.aboutamazon.in/?utm_source=gateway&utm_medium=footer
https://www.amazon.science/
https://www.amazon.in/gp/redirect.html/ref=footer_fb?location=http://www.facebook.com/AmazonIN&token=2075D5EAC7BB214089728E2183FD391706D41E94&6
https://www.amazon.in/gp/redirect.html/ref=footer_twitter?location=http://twitter.com/AmazonIN&token=A309DFBFCB1E37A808FF531934855DC817F130B6&6
https://www.amazon.in/gp/redirect.html?location=https://www.instagram.com/amazondotin&token=264882C912E9D005CB1D9B61F12E125D5DF9BFC7&source=standards
https://www.amazon.in/b/?node=2838698031&ld=AZINSOANavDesktopFooter_C&ref_=nav_footer_sell_C
https://accelerator.amazon.in/?ref_=map_1_b2b_GW_FT
https://brandservices.amazon.in/?ref=AOINABRLGNRFOOT&ld=AOINABRLGNRFOOT
https://sell.amazon.in/grow-your-business/amazon-global-selling.html?ld=AZIN_Footer_V1&ref=AZIN_Footer_V1
https://supply.amazon.com/?ref_=footer_sta&lang=en-IN
https://affiliate-program.amazon.in/?utm_campaign=assocshowcase&utm_medium=footer&utm_source=GW&ref_=footer_assoc
https://services.amazon.in/services/fulfilment-by-amazon/benefits.html/ref=az_footer_fba?ld=AWRGINFBAfooter
https://advertising.amazon.in/?ref=Amz.in
https://www.amazonpay.in/merchant
https://www.amazon.in/gp/css/homepage.html?ref_=footer_ya
https://www.amazon.in/gp/css/returns/homepage.html?ref_=footer_hy_f_4
https://www.amazon.in/your-product-safety-alerts?ref_=footer_bsx_ypsa
https://www.amazon.in/gp/help/customer/display.html?nodeId=201083470&ref_=footer_swc
https://www.amazon.in/gp/browse.html?node=6967393031&ref_=footer_mobapp
https://www.amazon.in/gp/help/customer/display.html?nodeId=200507590&ref_=footer_gw_m_b_he
https://www.amazon.in/ref=footer_logo
https://www.amazon.in/customer-preferences/edit?ie=UTF8&preferencesReturnUrl=%2F&ref_=footer_lang
https://www.amazon.in/customer-preferences/country?ie=UTF8&preferencesReturnUrl=%2F&ref_=footer_icp_cp
https://www.abebooks.com/
https://aws.amazon.com/what-is-cloud-computing/?sc_channel=EL&sc_campaign=IN_amazonfooter
https://www.audible.in/
https://www.imdb.com/
https://www.shopbop.com/
https://www.amazon.in/business?ref=footer_aingw
https://www.amazon.in/now?ref=footer_amznow
https://www.amazon.in/music/prime?ref=footer_apm
https://www.amazon.in/gp/help/customer/display.html?nodeId=200545940&ref_=footer_cou
https://www.amazon.in/gp/help/customer/display.html?nodeId=200534380&ref_=footer_privacy
https://www.amazon.in/gp/help/customer/display.html?nodeId=202075050&ref_=footer_iba]]>
  </system-out>
</testsuite> <!-- script.demo1 -->
