<?xml version="1.0" encoding="UTF-8"?>
<!-- Generated by org.testng.reporters.JUnitXMLReporter -->
<testsuite ignored="0" hostname="DESKTOP-03F20BQ" failures="0" tests="3" name="Default test" time="124.575" errors="0" timestamp="2024-12-14T12:20:29 IST">
  <testcase classname="dataProvider.DataProvExample" name="write" time="76.394"/>
  <testcase classname="dataProvider.DataProvExample" name="write" time="29.661"/>
  <testcase classname="dataProvider.DataProvExample" name="write" time="18.451"/>
</testsuite> <!-- Default test -->
