<?xml version="1.0" encoding="UTF-8"?>
<!-- Generated by org.testng.reporters.JUnitXMLReporter -->
<testsuite ignored="0" hostname="DESKTOP-03F20BQ" failures="0" tests="2" name="Test1" time="37.896" errors="0" timestamp="2025-01-21T13:29:23 IST">
  <testcase classname="com.comcast.crm.OrgTest.createOrgWithConfigTest" name="createOrgTest" time="8.674"/>
  <testcase classname="com.comcast.crm.OrgTest.createOrgWithConfigTest" name="createOrgWithIndusTest" time="6.058"/>
</testsuite> <!-- Test1 -->
