<?xml version="1.0" encoding="UTF-8"?>
<!-- Generated by org.testng.reporters.JUnitXMLReporter -->
<testsuite ignored="2" hostname="DESKTOP-03F20BQ" failures="0" tests="4" name="Thread-2" time="0.262" errors="0" timestamp="2025-01-21T14:58:44 IST">
  <testcase classname="com.comcast.crm.contactTest.CreateContactWithConfigTest" name="createContactTest" time="0.0">
    <skipped/>
  </testcase> <!-- createContactTest -->
  <testcase classname="com.comcast.crm.contactTest.CreateContactWithConfigTest" name="createContactWithPhoneNO" time="0.0">
    <skipped/>
  </testcase> <!-- createContactWithPhoneNO -->
  <testcase classname="com.comcast.crm.OrgTest.createOrgWithConfigTest" name="createOrgTest" time="0.0">
    <skipped/>
  </testcase> <!-- createOrgTest -->
  <testcase classname="com.comcast.crm.OrgTest.createOrgWithConfigTest" name="createOrgWithIndusTest" time="0.0">
    <skipped/>
  </testcase> <!-- createOrgWithIndusTest -->
  <testcase classname="com.comcast.crm.BaseTestUtility.BaseUtilityClass" name="@BeforeSuite configBS" time="0.0">
    <ignored/>
  </testcase> <!-- @BeforeSuite configBS -->
  <testcase classname="com.comcast.crm.BaseTestUtility.BaseUtilityClass" name="@AfterSuite configAS" time="0.0">
    <ignored/>
  </testcase> <!-- @AfterSuite configAS -->
</testsuite> <!-- Thread-2 -->
