<?xml version="1.0" encoding="UTF-8"?>
<!-- Generated by org.testng.reporters.JUnitXMLReporter -->
<testsuite ignored="6" hostname="DESKTOP-03F20BQ" failures="0" tests="3" name="Test" time="0.07" errors="0" timestamp="2024-12-12T12:07:37 IST">
  <testcase classname="groups.Group1" name="compose" time="0.013"/>
  <testcase classname="groups.Group1" name="sentItems" time="0.001"/>
  <testcase classname="groups.Group1" name="trash" time="0.004"/>
  <testcase classname="groups.Group4" name="validData" time="0.0">
    <ignored/>
  </testcase> <!-- validData -->
  <testcase classname="groups.Group2" name="test1" time="0.0">
    <ignored/>
  </testcase> <!-- test1 -->
  <testcase classname="groups.Group3" name="Fb" time="0.0">
    <ignored/>
  </testcase> <!-- Fb -->
  <testcase classname="groups.Group5" name="disp" time="0.0">
    <ignored/>
  </testcase> <!-- disp -->
  <testcase classname="groups.Group2" name="test2" time="0.0">
    <ignored/>
  </testcase> <!-- test2 -->
  <testcase classname="groups.Group2" name="test3" time="0.0">
    <ignored/>
  </testcase> <!-- test3 -->
</testsuite> <!-- Test -->
