<?xml version="1.0" encoding="UTF-8"?>
<!-- Generated by org.testng.reporters.JUnitXMLReporter -->
<testsuite ignored="1" hostname="DESKTOP-03F20BQ" failures="1" tests="1" name="Default test(failed)" time="34.315" errors="0" timestamp="2025-01-23T11:21:36 IST">
  <testcase classname="com.comcast.crm.contactTest.createInvoiceTest" name="InvoiceTest" time="0.044">
    <failure type="java.lang.AssertionError" message="expected [Login] but found [Administrator - Home - vtiger CRM 5 - Commercial Open Source CRM]">
      <![CDATA[java.lang.AssertionError: expected [Login] but found [Administrator - Home - vtiger CRM 5 - Commercial Open Source CRM]
at com.comcast.crm.contactTest.createInvoiceTest.InvoiceTest(createInvoiceTest.java:17)
at java.base/java.util.ArrayList.forEach(ArrayList.java:1511)
... Removed 33 stack frames]]>
    </failure>
  </testcase> <!-- InvoiceTest -->
  <testcase classname="com.comcast.crm.contactTest.createInvoiceTest" name="DeleteInvoiceTest" time="0.0">
    <ignored/>
  </testcase> <!-- DeleteInvoiceTest -->
</testsuite> <!-- Default test(failed) -->
