<?xml version="1.0" encoding="UTF-8"?>
<testng-results ignored="0" total="3" passed="3" failed="0" skipped="0">
  <reporter-output>
  </reporter-output>
  <suite started-at="2024-12-14T12:18:25 IST" name="Default suite" finished-at="2024-12-14T12:20:29 IST" duration-ms="124575">
    <groups>
    </groups>
    <test started-at="2024-12-14T12:18:25 IST" name="Default test" finished-at="2024-12-14T12:20:29 IST" duration-ms="124575">
      <class name="dataProvider.DataProvExample">
        <test-method signature="write(java.lang.String,java.lang.String,java.lang.String,java.lang.String,java.lang.String,java.lang.String,java.lang.String)[pri:0, instance:dataProvider.DataProvExample@4d0f2471]" started-at="2024-12-14T12:18:25 IST" name="write" data-provider="FillTheForm" finished-at="2024-12-14T12:19:41 IST" duration-ms="76394" status="PASS">
          <params>
            <param index="0">
              <value>
                <![CDATA[sinchan]]>
              </value>
            </param>
            <param index="1">
              <value>
                <![CDATA[suma@123]]>
              </value>
            </param>
            <param index="2">
              <value>
                <![CDATA[sinchan@gmail.com]]>
              </value>
            </param>
            <param index="3">
              <value>
                <![CDATA[www.sinchan.com]]>
              </value>
            </param>
            <param index="4">
              <value>
                <![CDATA[2289]]>
              </value>
            </param>
            <param index="5">
              <value>
                <![CDATA[123891]]>
              </value>
            </param>
            <param index="6">
              <value>
                <![CDATA[sih329n]]>
              </value>
            </param>
          </params>
          <reporter-output>
          </reporter-output>
        </test-method> <!-- write -->
        <test-method signature="write(java.lang.String,java.lang.String,java.lang.String,java.lang.String,java.lang.String,java.lang.String,java.lang.String)[pri:0, instance:dataProvider.DataProvExample@4d0f2471]" started-at="2024-12-14T12:19:41 IST" name="write" data-provider="FillTheForm" finished-at="2024-12-14T12:20:11 IST" duration-ms="29661" status="PASS">
          <params>
            <param index="0">
              <value>
                <![CDATA[suma]]>
              </value>
            </param>
            <param index="1">
              <value>
                <![CDATA[seema@123]]>
              </value>
            </param>
            <param index="2">
              <value>
                <![CDATA[suma@gmail.com]]>
              </value>
            </param>
            <param index="3">
              <value>
                <![CDATA[www.suma.com]]>
              </value>
            </param>
            <param index="4">
              <value>
                <![CDATA[47920]]>
              </value>
            </param>
            <param index="5">
              <value>
                <![CDATA[102831029]]>
              </value>
            </param>
            <param index="6">
              <value>
                <![CDATA[syhdn20398]]>
              </value>
            </param>
          </params>
          <reporter-output>
          </reporter-output>
        </test-method> <!-- write -->
        <test-method signature="write(java.lang.String,java.lang.String,java.lang.String,java.lang.String,java.lang.String,java.lang.String,java.lang.String)[pri:0, instance:dataProvider.DataProvExample@4d0f2471]" started-at="2024-12-14T12:20:11 IST" name="write" data-provider="FillTheForm" finished-at="2024-12-14T12:20:29 IST" duration-ms="18451" status="PASS">
          <params>
            <param index="0">
              <value>
                <![CDATA[Thanish]]>
              </value>
            </param>
            <param index="1">
              <value>
                <![CDATA[Thanish@123]]>
              </value>
            </param>
            <param index="2">
              <value>
                <![CDATA[thanish@gmail.com]]>
              </value>
            </param>
            <param index="3">
              <value>
                <![CDATA[wwww.thanish.com]]>
              </value>
            </param>
            <param index="4">
              <value>
                <![CDATA[12937]]>
              </value>
            </param>
            <param index="5">
              <value>
                <![CDATA[3891708]]>
              </value>
            </param>
            <param index="6">
              <value>
                <![CDATA[fdj238un]]>
              </value>
            </param>
          </params>
          <reporter-output>
          </reporter-output>
        </test-method> <!-- write -->
      </class> <!-- dataProvider.DataProvExample -->
    </test> <!-- Default test -->
  </suite> <!-- Default suite -->
</testng-results>
